mode: set
github.com/echovault/sugardb/redis_benchmark.go:25.38,31.15 6 0
github.com/echovault/sugardb/redis_benchmark.go:31.15,33.3 1 0
github.com/echovault/sugardb/redis_benchmark.go:34.2,34.29 1 0
github.com/echovault/sugardb/redis_benchmark.go:37.68,43.16 4 0
github.com/echovault/sugardb/redis_benchmark.go:43.16,45.3 1 0
github.com/echovault/sugardb/redis_benchmark.go:47.2,50.29 4 0
github.com/echovault/sugardb/redis_benchmark.go:50.29,51.56 1 0
github.com/echovault/sugardb/redis_benchmark.go:51.56,71.4 9 0
github.com/echovault/sugardb/redis_benchmark.go:74.2,74.21 1 0
github.com/echovault/sugardb/redis_benchmark.go:77.75,78.46 1 0
github.com/echovault/sugardb/redis_benchmark.go:78.46,80.3 1 0
github.com/echovault/sugardb/redis_benchmark.go:82.2,85.41 4 0
github.com/echovault/sugardb/redis_benchmark.go:85.41,93.3 6 0
github.com/echovault/sugardb/redis_benchmark.go:94.2,94.11 1 0
github.com/echovault/sugardb/redis_benchmark.go:97.13,108.16 6 0
github.com/echovault/sugardb/redis_benchmark.go:108.16,111.3 2 0
github.com/echovault/sugardb/redis_benchmark.go:113.2,113.15 1 0
github.com/echovault/sugardb/redis_benchmark.go:113.15,117.3 2 0
github.com/echovault/sugardb/redis_benchmark.go:120.2,122.16 3 0
github.com/echovault/sugardb/redis_benchmark.go:122.16,126.3 3 0
github.com/echovault/sugardb/redis_benchmark.go:129.2,134.15 3 0
github.com/echovault/sugardb/redis_benchmark.go:134.15,137.53 2 0
github.com/echovault/sugardb/redis_benchmark.go:137.53,139.4 1 0
github.com/echovault/sugardb/internal/types.go:35.43,40.29 3 0
github.com/echovault/sugardb/internal/types.go:41.11,42.12 1 0
github.com/echovault/sugardb/internal/types.go:44.11,45.34 1 0
github.com/echovault/sugardb/internal/types.go:47.22,48.12 1 0
github.com/echovault/sugardb/internal/types.go:49.14,52.24 2 0
github.com/echovault/sugardb/internal/types.go:55.16,56.23 1 0
github.com/echovault/sugardb/internal/types.go:56.23,59.4 2 0
github.com/echovault/sugardb/internal/types.go:62.31,63.53 1 0
github.com/echovault/sugardb/internal/types.go:65.10,66.117 1 0
github.com/echovault/sugardb/internal/types.go:69.2,69.18 1 0
github.com/echovault/sugardb/internal/utils.go:41.38,45.16 2 0
github.com/echovault/sugardb/internal/utils.go:45.16,47.3 1 0
github.com/echovault/sugardb/internal/utils.go:49.2,49.15 1 0
github.com/echovault/sugardb/internal/utils.go:49.15,52.3 2 0
github.com/echovault/sugardb/internal/utils.go:54.2,56.10 2 0
github.com/echovault/sugardb/internal/utils.go:59.43,63.16 3 0
github.com/echovault/sugardb/internal/utils.go:63.16,65.3 1 0
github.com/echovault/sugardb/internal/utils.go:67.2,68.42 2 0
github.com/echovault/sugardb/internal/utils.go:68.42,70.3 1 0
github.com/echovault/sugardb/internal/utils.go:72.2,72.17 1 0
github.com/echovault/sugardb/internal/utils.go:75.47,82.6 4 0
github.com/echovault/sugardb/internal/utils.go:82.6,84.43 2 0
github.com/echovault/sugardb/internal/utils.go:84.43,85.9 1 0
github.com/echovault/sugardb/internal/utils.go:87.3,87.17 1 0
github.com/echovault/sugardb/internal/utils.go:87.17,89.4 1 0
github.com/echovault/sugardb/internal/utils.go:90.3,91.21 2 0
github.com/echovault/sugardb/internal/utils.go:91.21,92.9 1 0
github.com/echovault/sugardb/internal/utils.go:94.3,94.15 1 0
github.com/echovault/sugardb/internal/utils.go:97.2,97.37 1 0
github.com/echovault/sugardb/internal/utils.go:100.120,102.20 2 0
github.com/echovault/sugardb/internal/utils.go:102.20,104.3 1 0
github.com/echovault/sugardb/internal/utils.go:105.2,105.16 1 0
github.com/echovault/sugardb/internal/utils.go:105.16,107.3 1 0
github.com/echovault/sugardb/internal/utils.go:108.2,108.24 1 0
github.com/echovault/sugardb/internal/utils.go:108.24,110.3 1 0
github.com/echovault/sugardb/internal/utils.go:111.2,111.21 1 0
github.com/echovault/sugardb/internal/utils.go:111.21,113.3 1 0
github.com/echovault/sugardb/internal/utils.go:114.2,114.16 1 0
github.com/echovault/sugardb/internal/utils.go:117.37,119.16 2 0
github.com/echovault/sugardb/internal/utils.go:119.16,121.3 1 0
github.com/echovault/sugardb/internal/utils.go:122.2,122.15 1 0
github.com/echovault/sugardb/internal/utils.go:122.15,123.37 1 0
github.com/echovault/sugardb/internal/utils.go:123.37,125.4 1 0
github.com/echovault/sugardb/internal/utils.go:128.2,130.23 2 0
github.com/echovault/sugardb/internal/utils.go:133.72,134.65 1 0
github.com/echovault/sugardb/internal/utils.go:134.65,137.3 1 0
github.com/echovault/sugardb/internal/utils.go:138.2,138.18 1 0
github.com/echovault/sugardb/internal/utils.go:138.18,141.3 1 0
github.com/echovault/sugardb/internal/utils.go:142.2,142.49 1 0
github.com/echovault/sugardb/internal/utils.go:142.49,143.52 1 0
github.com/echovault/sugardb/internal/utils.go:143.52,145.4 1 0
github.com/echovault/sugardb/internal/utils.go:147.2,147.71 1 0
github.com/echovault/sugardb/internal/utils.go:150.66,152.2 1 0
github.com/echovault/sugardb/internal/utils.go:154.24,155.11 1 0
github.com/echovault/sugardb/internal/utils.go:155.11,157.3 1 0
github.com/echovault/sugardb/internal/utils.go:158.2,158.10 1 0
github.com/echovault/sugardb/internal/utils.go:162.49,166.16 3 0
github.com/echovault/sugardb/internal/utils.go:166.16,168.3 1 0
github.com/echovault/sugardb/internal/utils.go:170.2,171.17 2 0
github.com/echovault/sugardb/internal/utils.go:172.12,173.19 1 0
github.com/echovault/sugardb/internal/utils.go:174.12,175.26 1 0
github.com/echovault/sugardb/internal/utils.go:176.12,177.33 1 0
github.com/echovault/sugardb/internal/utils.go:178.12,179.40 1 0
github.com/echovault/sugardb/internal/utils.go:180.12,181.47 1 0
github.com/echovault/sugardb/internal/utils.go:182.10,183.91 1 0
github.com/echovault/sugardb/internal/utils.go:186.2,186.30 1 0
github.com/echovault/sugardb/internal/utils.go:190.64,191.20 1 0
github.com/echovault/sugardb/internal/utils.go:191.20,193.3 1 0
github.com/echovault/sugardb/internal/utils.go:196.2,196.33 1 0
github.com/echovault/sugardb/internal/utils.go:196.33,198.3 1 0
github.com/echovault/sugardb/internal/utils.go:203.2,206.37 2 0
github.com/echovault/sugardb/internal/utils.go:210.100,211.36 1 0
github.com/echovault/sugardb/internal/utils.go:211.36,213.26 2 0
github.com/echovault/sugardb/internal/utils.go:213.26,215.35 1 0
github.com/echovault/sugardb/internal/utils.go:215.35,216.13 1 0
github.com/echovault/sugardb/internal/utils.go:219.4,219.30 1 0
github.com/echovault/sugardb/internal/utils.go:219.30,221.5 1 0
github.com/echovault/sugardb/internal/utils.go:223.3,223.36 1 0
github.com/echovault/sugardb/internal/utils.go:223.36,225.4 1 0
github.com/echovault/sugardb/internal/utils.go:227.2,227.14 1 0
github.com/echovault/sugardb/internal/utils.go:232.43,233.14 1 0
github.com/echovault/sugardb/internal/utils.go:233.14,235.3 1 0
github.com/echovault/sugardb/internal/utils.go:236.2,236.30 1 0
github.com/echovault/sugardb/internal/utils.go:236.30,238.3 1 0
github.com/echovault/sugardb/internal/utils.go:239.2,239.30 1 0
github.com/echovault/sugardb/internal/utils.go:239.30,241.3 1 0
github.com/echovault/sugardb/internal/utils.go:243.2,244.21 2 0
github.com/echovault/sugardb/internal/utils.go:244.21,246.3 1 0
github.com/echovault/sugardb/internal/utils.go:248.2,249.29 2 0
github.com/echovault/sugardb/internal/utils.go:249.29,251.13 2 0
github.com/echovault/sugardb/internal/utils.go:251.13,252.9 1 0
github.com/echovault/sugardb/internal/utils.go:256.2,256.10 1 0
github.com/echovault/sugardb/internal/utils.go:259.41,261.28 2 0
github.com/echovault/sugardb/internal/utils.go:261.28,263.3 1 0
github.com/echovault/sugardb/internal/utils.go:264.2,264.20 1 0
github.com/echovault/sugardb/internal/utils.go:267.47,270.16 3 0
github.com/echovault/sugardb/internal/utils.go:270.16,272.3 1 0
github.com/echovault/sugardb/internal/utils.go:273.2,273.24 1 0
github.com/echovault/sugardb/internal/utils.go:276.52,279.16 3 0
github.com/echovault/sugardb/internal/utils.go:279.16,281.3 1 0
github.com/echovault/sugardb/internal/utils.go:282.2,282.24 1 0
github.com/echovault/sugardb/internal/utils.go:285.50,288.16 3 0
github.com/echovault/sugardb/internal/utils.go:288.16,290.3 1 0
github.com/echovault/sugardb/internal/utils.go:291.2,291.25 1 0
github.com/echovault/sugardb/internal/utils.go:294.52,297.16 3 0
github.com/echovault/sugardb/internal/utils.go:297.16,299.3 1 0
github.com/echovault/sugardb/internal/utils.go:300.2,300.23 1 0
github.com/echovault/sugardb/internal/utils.go:303.51,306.16 3 0
github.com/echovault/sugardb/internal/utils.go:306.16,308.3 1 0
github.com/echovault/sugardb/internal/utils.go:309.2,309.22 1 0
github.com/echovault/sugardb/internal/utils.go:312.59,316.16 3 0
github.com/echovault/sugardb/internal/utils.go:316.16,318.3 1 0
github.com/echovault/sugardb/internal/utils.go:320.2,320.16 1 0
github.com/echovault/sugardb/internal/utils.go:320.16,322.3 1 0
github.com/echovault/sugardb/internal/utils.go:324.2,324.39 1 0
github.com/echovault/sugardb/internal/utils.go:324.39,326.3 1 0
github.com/echovault/sugardb/internal/utils.go:328.2,329.30 2 0
github.com/echovault/sugardb/internal/utils.go:329.30,330.17 1 0
github.com/echovault/sugardb/internal/utils.go:330.17,332.12 2 0
github.com/echovault/sugardb/internal/utils.go:334.3,334.22 1 0
github.com/echovault/sugardb/internal/utils.go:336.2,336.17 1 0
github.com/echovault/sugardb/internal/utils.go:339.67,342.16 3 0
github.com/echovault/sugardb/internal/utils.go:342.16,344.3 1 0
github.com/echovault/sugardb/internal/utils.go:345.2,345.16 1 0
github.com/echovault/sugardb/internal/utils.go:345.16,347.3 1 0
github.com/echovault/sugardb/internal/utils.go:348.2,349.31 2 0
github.com/echovault/sugardb/internal/utils.go:349.31,350.18 1 0
github.com/echovault/sugardb/internal/utils.go:350.18,352.12 2 0
github.com/echovault/sugardb/internal/utils.go:354.3,355.33 2 0
github.com/echovault/sugardb/internal/utils.go:355.33,357.4 1 0
github.com/echovault/sugardb/internal/utils.go:358.3,358.17 1 0
github.com/echovault/sugardb/internal/utils.go:360.2,360.17 1 0
github.com/echovault/sugardb/internal/utils.go:363.57,366.16 3 0
github.com/echovault/sugardb/internal/utils.go:366.16,368.3 1 0
github.com/echovault/sugardb/internal/utils.go:369.2,369.16 1 0
github.com/echovault/sugardb/internal/utils.go:369.16,371.3 1 0
github.com/echovault/sugardb/internal/utils.go:372.2,373.30 2 0
github.com/echovault/sugardb/internal/utils.go:373.30,374.17 1 0
github.com/echovault/sugardb/internal/utils.go:374.17,376.12 2 0
github.com/echovault/sugardb/internal/utils.go:378.3,378.23 1 0
github.com/echovault/sugardb/internal/utils.go:380.2,380.17 1 0
github.com/echovault/sugardb/internal/utils.go:383.58,386.16 3 0
github.com/echovault/sugardb/internal/utils.go:386.16,388.3 1 0
github.com/echovault/sugardb/internal/utils.go:389.2,389.16 1 0
github.com/echovault/sugardb/internal/utils.go:389.16,391.3 1 0
github.com/echovault/sugardb/internal/utils.go:392.2,393.30 2 0
github.com/echovault/sugardb/internal/utils.go:393.30,394.17 1 0
github.com/echovault/sugardb/internal/utils.go:394.17,396.12 2 0
github.com/echovault/sugardb/internal/utils.go:398.3,398.20 1 0
github.com/echovault/sugardb/internal/utils.go:400.2,400.17 1 0
github.com/echovault/sugardb/internal/utils.go:403.70,404.32 1 0
github.com/echovault/sugardb/internal/utils.go:404.32,405.60 1 0
github.com/echovault/sugardb/internal/utils.go:405.60,407.4 1 0
github.com/echovault/sugardb/internal/utils.go:407.6,409.4 1 0
github.com/echovault/sugardb/internal/utils.go:411.2,411.30 1 0
github.com/echovault/sugardb/internal/utils.go:411.30,412.62 1 0
github.com/echovault/sugardb/internal/utils.go:412.62,414.4 1 0
github.com/echovault/sugardb/internal/utils.go:414.6,416.4 1 0
github.com/echovault/sugardb/internal/utils.go:418.2,418.13 1 0
github.com/echovault/sugardb/internal/utils.go:421.33,423.16 2 0
github.com/echovault/sugardb/internal/utils.go:423.16,425.3 1 0
github.com/echovault/sugardb/internal/utils.go:427.2,428.16 2 0
github.com/echovault/sugardb/internal/utils.go:428.16,430.3 1 0
github.com/echovault/sugardb/internal/utils.go:431.2,431.15 1 0
github.com/echovault/sugardb/internal/utils.go:431.15,433.3 1 0
github.com/echovault/sugardb/internal/utils.go:435.2,435.42 1 0
github.com/echovault/sugardb/internal/utils.go:438.61,443.12 4 0
github.com/echovault/sugardb/internal/utils.go:443.12,444.7 1 0
github.com/echovault/sugardb/internal/utils.go:444.7,446.73 2 0
github.com/echovault/sugardb/internal/utils.go:446.73,448.13 1 0
github.com/echovault/sugardb/internal/utils.go:450.4,450.9 1 0
github.com/echovault/sugardb/internal/utils.go:452.3,452.21 1 0
github.com/echovault/sugardb/internal/utils.go:455.2,458.9 3 0
github.com/echovault/sugardb/internal/utils.go:459.18,460.47 1 0
github.com/echovault/sugardb/internal/utils.go:461.14,462.19 1 0
github.com/echovault/sugardb/internal/utils.go:466.84,471.12 4 0
github.com/echovault/sugardb/internal/utils.go:471.12,472.7 1 0
github.com/echovault/sugardb/internal/utils.go:472.7,474.73 2 0
github.com/echovault/sugardb/internal/utils.go:474.73,476.13 1 0
github.com/echovault/sugardb/internal/utils.go:478.4,478.9 1 0
github.com/echovault/sugardb/internal/utils.go:480.3,480.21 1 0
github.com/echovault/sugardb/internal/utils.go:483.2,486.9 3 0
github.com/echovault/sugardb/internal/utils.go:487.18,488.47 1 0
github.com/echovault/sugardb/internal/utils.go:489.14,490.19 1 0
github.com/echovault/sugardb/cmd/main.go:28.13,30.16 2 0
github.com/echovault/sugardb/cmd/main.go:30.16,32.3 1 0
github.com/echovault/sugardb/cmd/main.go:34.2,44.16 5 0
github.com/echovault/sugardb/cmd/main.go:44.16,46.3 1 0
github.com/echovault/sugardb/cmd/main.go:48.2,52.19 3 0
github.com/echovault/sugardb/internal/clock/clock.go:14.23,16.43 1 0
github.com/echovault/sugardb/internal/clock/clock.go:16.43,18.3 1 0
github.com/echovault/sugardb/internal/clock/clock.go:19.2,19.20 1 0
github.com/echovault/sugardb/internal/clock/clock.go:24.34,26.2 1 0
github.com/echovault/sugardb/internal/clock/clock.go:28.58,30.2 1 0
github.com/echovault/sugardb/internal/clock/clock.go:34.34,37.2 2 0
github.com/echovault/sugardb/internal/clock/clock.go:39.58,41.2 1 0
github.com/echovault/sugardb/internal/types.go:35.43,40.29 3 0
github.com/echovault/sugardb/internal/types.go:41.11,42.12 1 0
github.com/echovault/sugardb/internal/types.go:44.11,45.34 1 0
github.com/echovault/sugardb/internal/types.go:47.22,48.12 1 0
github.com/echovault/sugardb/internal/types.go:49.14,52.24 2 0
github.com/echovault/sugardb/internal/types.go:55.16,56.23 1 0
github.com/echovault/sugardb/internal/types.go:56.23,59.4 2 0
github.com/echovault/sugardb/internal/types.go:62.31,63.53 1 0
github.com/echovault/sugardb/internal/types.go:65.10,66.117 1 0
github.com/echovault/sugardb/internal/types.go:69.2,69.18 1 0
github.com/echovault/sugardb/internal/utils.go:41.38,45.16 2 0
github.com/echovault/sugardb/internal/utils.go:45.16,47.3 1 0
github.com/echovault/sugardb/internal/utils.go:49.2,49.15 1 0
github.com/echovault/sugardb/internal/utils.go:49.15,52.3 2 0
github.com/echovault/sugardb/internal/utils.go:54.2,56.10 2 0
github.com/echovault/sugardb/internal/utils.go:59.43,63.16 3 0
github.com/echovault/sugardb/internal/utils.go:63.16,65.3 1 0
github.com/echovault/sugardb/internal/utils.go:67.2,68.42 2 0
github.com/echovault/sugardb/internal/utils.go:68.42,70.3 1 0
github.com/echovault/sugardb/internal/utils.go:72.2,72.17 1 0
github.com/echovault/sugardb/internal/utils.go:75.47,82.6 4 0
github.com/echovault/sugardb/internal/utils.go:82.6,84.43 2 0
github.com/echovault/sugardb/internal/utils.go:84.43,85.9 1 0
github.com/echovault/sugardb/internal/utils.go:87.3,87.17 1 0
github.com/echovault/sugardb/internal/utils.go:87.17,89.4 1 0
github.com/echovault/sugardb/internal/utils.go:90.3,91.21 2 0
github.com/echovault/sugardb/internal/utils.go:91.21,92.9 1 0
github.com/echovault/sugardb/internal/utils.go:94.3,94.15 1 0
github.com/echovault/sugardb/internal/utils.go:97.2,97.37 1 0
github.com/echovault/sugardb/internal/utils.go:100.120,102.20 2 0
github.com/echovault/sugardb/internal/utils.go:102.20,104.3 1 0
github.com/echovault/sugardb/internal/utils.go:105.2,105.16 1 0
github.com/echovault/sugardb/internal/utils.go:105.16,107.3 1 0
github.com/echovault/sugardb/internal/utils.go:108.2,108.24 1 0
github.com/echovault/sugardb/internal/utils.go:108.24,110.3 1 0
github.com/echovault/sugardb/internal/utils.go:111.2,111.21 1 0
github.com/echovault/sugardb/internal/utils.go:111.21,113.3 1 0
github.com/echovault/sugardb/internal/utils.go:114.2,114.16 1 0
github.com/echovault/sugardb/internal/utils.go:117.37,119.16 2 0
github.com/echovault/sugardb/internal/utils.go:119.16,121.3 1 0
github.com/echovault/sugardb/internal/utils.go:122.2,122.15 1 0
github.com/echovault/sugardb/internal/utils.go:122.15,123.37 1 0
github.com/echovault/sugardb/internal/utils.go:123.37,125.4 1 0
github.com/echovault/sugardb/internal/utils.go:128.2,130.23 2 0
github.com/echovault/sugardb/internal/utils.go:133.72,134.65 1 0
github.com/echovault/sugardb/internal/utils.go:134.65,137.3 1 0
github.com/echovault/sugardb/internal/utils.go:138.2,138.18 1 0
github.com/echovault/sugardb/internal/utils.go:138.18,141.3 1 0
github.com/echovault/sugardb/internal/utils.go:142.2,142.49 1 0
github.com/echovault/sugardb/internal/utils.go:142.49,143.52 1 0
github.com/echovault/sugardb/internal/utils.go:143.52,145.4 1 0
github.com/echovault/sugardb/internal/utils.go:147.2,147.71 1 0
github.com/echovault/sugardb/internal/utils.go:150.66,152.2 1 0
github.com/echovault/sugardb/internal/utils.go:154.24,155.11 1 0
github.com/echovault/sugardb/internal/utils.go:155.11,157.3 1 0
github.com/echovault/sugardb/internal/utils.go:158.2,158.10 1 0
github.com/echovault/sugardb/internal/utils.go:162.49,166.16 3 0
github.com/echovault/sugardb/internal/utils.go:166.16,168.3 1 0
github.com/echovault/sugardb/internal/utils.go:170.2,171.17 2 0
github.com/echovault/sugardb/internal/utils.go:172.12,173.19 1 0
github.com/echovault/sugardb/internal/utils.go:174.12,175.26 1 0
github.com/echovault/sugardb/internal/utils.go:176.12,177.33 1 0
github.com/echovault/sugardb/internal/utils.go:178.12,179.40 1 0
github.com/echovault/sugardb/internal/utils.go:180.12,181.47 1 0
github.com/echovault/sugardb/internal/utils.go:182.10,183.91 1 0
github.com/echovault/sugardb/internal/utils.go:186.2,186.30 1 0
github.com/echovault/sugardb/internal/utils.go:190.64,191.20 1 0
github.com/echovault/sugardb/internal/utils.go:191.20,193.3 1 0
github.com/echovault/sugardb/internal/utils.go:196.2,196.33 1 0
github.com/echovault/sugardb/internal/utils.go:196.33,198.3 1 0
github.com/echovault/sugardb/internal/utils.go:203.2,206.37 2 0
github.com/echovault/sugardb/internal/utils.go:210.100,211.36 1 1
github.com/echovault/sugardb/internal/utils.go:211.36,213.26 2 0
github.com/echovault/sugardb/internal/utils.go:213.26,215.35 1 0
github.com/echovault/sugardb/internal/utils.go:215.35,216.13 1 0
github.com/echovault/sugardb/internal/utils.go:219.4,219.30 1 0
github.com/echovault/sugardb/internal/utils.go:219.30,221.5 1 0
github.com/echovault/sugardb/internal/utils.go:223.3,223.36 1 0
github.com/echovault/sugardb/internal/utils.go:223.36,225.4 1 0
github.com/echovault/sugardb/internal/utils.go:227.2,227.14 1 1
github.com/echovault/sugardb/internal/utils.go:232.43,233.14 1 0
github.com/echovault/sugardb/internal/utils.go:233.14,235.3 1 0
github.com/echovault/sugardb/internal/utils.go:236.2,236.30 1 0
github.com/echovault/sugardb/internal/utils.go:236.30,238.3 1 0
github.com/echovault/sugardb/internal/utils.go:239.2,239.30 1 0
github.com/echovault/sugardb/internal/utils.go:239.30,241.3 1 0
github.com/echovault/sugardb/internal/utils.go:243.2,244.21 2 0
github.com/echovault/sugardb/internal/utils.go:244.21,246.3 1 0
github.com/echovault/sugardb/internal/utils.go:248.2,249.29 2 0
github.com/echovault/sugardb/internal/utils.go:249.29,251.13 2 0
github.com/echovault/sugardb/internal/utils.go:251.13,252.9 1 0
github.com/echovault/sugardb/internal/utils.go:256.2,256.10 1 0
github.com/echovault/sugardb/internal/utils.go:259.41,261.28 2 0
github.com/echovault/sugardb/internal/utils.go:261.28,263.3 1 0
github.com/echovault/sugardb/internal/utils.go:264.2,264.20 1 0
github.com/echovault/sugardb/internal/utils.go:267.47,270.16 3 0
github.com/echovault/sugardb/internal/utils.go:270.16,272.3 1 0
github.com/echovault/sugardb/internal/utils.go:273.2,273.24 1 0
github.com/echovault/sugardb/internal/utils.go:276.52,279.16 3 0
github.com/echovault/sugardb/internal/utils.go:279.16,281.3 1 0
github.com/echovault/sugardb/internal/utils.go:282.2,282.24 1 0
github.com/echovault/sugardb/internal/utils.go:285.50,288.16 3 0
github.com/echovault/sugardb/internal/utils.go:288.16,290.3 1 0
github.com/echovault/sugardb/internal/utils.go:291.2,291.25 1 0
github.com/echovault/sugardb/internal/utils.go:294.52,297.16 3 0
github.com/echovault/sugardb/internal/utils.go:297.16,299.3 1 0
github.com/echovault/sugardb/internal/utils.go:300.2,300.23 1 0
github.com/echovault/sugardb/internal/utils.go:303.51,306.16 3 0
github.com/echovault/sugardb/internal/utils.go:306.16,308.3 1 0
github.com/echovault/sugardb/internal/utils.go:309.2,309.22 1 0
github.com/echovault/sugardb/internal/utils.go:312.59,316.16 3 0
github.com/echovault/sugardb/internal/utils.go:316.16,318.3 1 0
github.com/echovault/sugardb/internal/utils.go:320.2,320.16 1 0
github.com/echovault/sugardb/internal/utils.go:320.16,322.3 1 0
github.com/echovault/sugardb/internal/utils.go:324.2,324.39 1 0
github.com/echovault/sugardb/internal/utils.go:324.39,326.3 1 0
github.com/echovault/sugardb/internal/utils.go:328.2,329.30 2 0
github.com/echovault/sugardb/internal/utils.go:329.30,330.17 1 0
github.com/echovault/sugardb/internal/utils.go:330.17,332.12 2 0
github.com/echovault/sugardb/internal/utils.go:334.3,334.22 1 0
github.com/echovault/sugardb/internal/utils.go:336.2,336.17 1 0
github.com/echovault/sugardb/internal/utils.go:339.67,342.16 3 0
github.com/echovault/sugardb/internal/utils.go:342.16,344.3 1 0
github.com/echovault/sugardb/internal/utils.go:345.2,345.16 1 0
github.com/echovault/sugardb/internal/utils.go:345.16,347.3 1 0
github.com/echovault/sugardb/internal/utils.go:348.2,349.31 2 0
github.com/echovault/sugardb/internal/utils.go:349.31,350.18 1 0
github.com/echovault/sugardb/internal/utils.go:350.18,352.12 2 0
github.com/echovault/sugardb/internal/utils.go:354.3,355.33 2 0
github.com/echovault/sugardb/internal/utils.go:355.33,357.4 1 0
github.com/echovault/sugardb/internal/utils.go:358.3,358.17 1 0
github.com/echovault/sugardb/internal/utils.go:360.2,360.17 1 0
github.com/echovault/sugardb/internal/utils.go:363.57,366.16 3 0
github.com/echovault/sugardb/internal/utils.go:366.16,368.3 1 0
github.com/echovault/sugardb/internal/utils.go:369.2,369.16 1 0
github.com/echovault/sugardb/internal/utils.go:369.16,371.3 1 0
github.com/echovault/sugardb/internal/utils.go:372.2,373.30 2 0
github.com/echovault/sugardb/internal/utils.go:373.30,374.17 1 0
github.com/echovault/sugardb/internal/utils.go:374.17,376.12 2 0
github.com/echovault/sugardb/internal/utils.go:378.3,378.23 1 0
github.com/echovault/sugardb/internal/utils.go:380.2,380.17 1 0
github.com/echovault/sugardb/internal/utils.go:383.58,386.16 3 0
github.com/echovault/sugardb/internal/utils.go:386.16,388.3 1 0
github.com/echovault/sugardb/internal/utils.go:389.2,389.16 1 0
github.com/echovault/sugardb/internal/utils.go:389.16,391.3 1 0
github.com/echovault/sugardb/internal/utils.go:392.2,393.30 2 0
github.com/echovault/sugardb/internal/utils.go:393.30,394.17 1 0
github.com/echovault/sugardb/internal/utils.go:394.17,396.12 2 0
github.com/echovault/sugardb/internal/utils.go:398.3,398.20 1 0
github.com/echovault/sugardb/internal/utils.go:400.2,400.17 1 0
github.com/echovault/sugardb/internal/utils.go:403.70,404.32 1 0
github.com/echovault/sugardb/internal/utils.go:404.32,405.60 1 0
github.com/echovault/sugardb/internal/utils.go:405.60,407.4 1 0
github.com/echovault/sugardb/internal/utils.go:407.6,409.4 1 0
github.com/echovault/sugardb/internal/utils.go:411.2,411.30 1 0
github.com/echovault/sugardb/internal/utils.go:411.30,412.62 1 0
github.com/echovault/sugardb/internal/utils.go:412.62,414.4 1 0
github.com/echovault/sugardb/internal/utils.go:414.6,416.4 1 0
github.com/echovault/sugardb/internal/utils.go:418.2,418.13 1 0
github.com/echovault/sugardb/internal/utils.go:421.33,423.16 2 0
github.com/echovault/sugardb/internal/utils.go:423.16,425.3 1 0
github.com/echovault/sugardb/internal/utils.go:427.2,428.16 2 0
github.com/echovault/sugardb/internal/utils.go:428.16,430.3 1 0
github.com/echovault/sugardb/internal/utils.go:431.2,431.15 1 0
github.com/echovault/sugardb/internal/utils.go:431.15,433.3 1 0
github.com/echovault/sugardb/internal/utils.go:435.2,435.42 1 0
github.com/echovault/sugardb/internal/utils.go:438.61,443.12 4 0
github.com/echovault/sugardb/internal/utils.go:443.12,444.7 1 0
github.com/echovault/sugardb/internal/utils.go:444.7,446.73 2 0
github.com/echovault/sugardb/internal/utils.go:446.73,448.13 1 0
github.com/echovault/sugardb/internal/utils.go:450.4,450.9 1 0
github.com/echovault/sugardb/internal/utils.go:452.3,452.21 1 0
github.com/echovault/sugardb/internal/utils.go:455.2,458.9 3 0
github.com/echovault/sugardb/internal/utils.go:459.18,460.47 1 0
github.com/echovault/sugardb/internal/utils.go:461.14,462.19 1 0
github.com/echovault/sugardb/internal/utils.go:466.84,471.12 4 0
github.com/echovault/sugardb/internal/utils.go:471.12,472.7 1 0
github.com/echovault/sugardb/internal/utils.go:472.7,474.73 2 0
github.com/echovault/sugardb/internal/utils.go:474.73,476.13 1 0
github.com/echovault/sugardb/internal/utils.go:478.4,478.9 1 0
github.com/echovault/sugardb/internal/utils.go:480.3,480.21 1 0
github.com/echovault/sugardb/internal/utils.go:483.2,486.9 3 0
github.com/echovault/sugardb/internal/utils.go:487.18,488.47 1 0
github.com/echovault/sugardb/internal/utils.go:489.14,490.19 1 0
github.com/echovault/sugardb/internal/aof/preamble/store.go:46.78,47.28 1 0
github.com/echovault/sugardb/internal/aof/preamble/store.go:47.28,49.3 1 0
github.com/echovault/sugardb/internal/aof/preamble/store.go:52.54,53.28 1 1
github.com/echovault/sugardb/internal/aof/preamble/store.go:53.28,55.3 1 1
github.com/echovault/sugardb/internal/aof/preamble/store.go:58.55,59.28 1 0
github.com/echovault/sugardb/internal/aof/preamble/store.go:59.28,61.3 1 0
github.com/echovault/sugardb/internal/aof/preamble/store.go:64.101,65.28 1 1
github.com/echovault/sugardb/internal/aof/preamble/store.go:65.28,67.3 1 1
github.com/echovault/sugardb/internal/aof/preamble/store.go:70.57,71.28 1 1
github.com/echovault/sugardb/internal/aof/preamble/store.go:71.28,73.3 1 1
github.com/echovault/sugardb/internal/aof/preamble/store.go:76.91,82.73 1 1
github.com/echovault/sugardb/internal/aof/preamble/store.go:82.74,82.75 0 0
github.com/echovault/sugardb/internal/aof/preamble/store.go:85.2,85.33 1 1
github.com/echovault/sugardb/internal/aof/preamble/store.go:85.33,87.3 1 1
github.com/echovault/sugardb/internal/aof/preamble/store.go:90.2,90.46 1 1
github.com/echovault/sugardb/internal/aof/preamble/store.go:90.46,92.17 2 1
github.com/echovault/sugardb/internal/aof/preamble/store.go:92.17,94.4 1 0
github.com/echovault/sugardb/internal/aof/preamble/store.go:95.3,96.17 2 1
github.com/echovault/sugardb/internal/aof/preamble/store.go:96.17,98.4 1 0
github.com/echovault/sugardb/internal/aof/preamble/store.go:99.3,99.15 1 1
github.com/echovault/sugardb/internal/aof/preamble/store.go:102.2,102.12 1 1
github.com/echovault/sugardb/internal/aof/preamble/store.go:102.12,105.39 3 1
github.com/echovault/sugardb/internal/aof/preamble/store.go:105.39,107.4 1 0
github.com/echovault/sugardb/internal/aof/preamble/store.go:110.2,110.19 1 1
github.com/echovault/sugardb/internal/aof/preamble/store.go:113.44,120.16 5 1
github.com/echovault/sugardb/internal/aof/preamble/store.go:120.16,122.3 1 0
github.com/echovault/sugardb/internal/aof/preamble/store.go:125.2,125.44 1 1
github.com/echovault/sugardb/internal/aof/preamble/store.go:125.44,127.3 1 0
github.com/echovault/sugardb/internal/aof/preamble/store.go:129.2,129.46 1 1
github.com/echovault/sugardb/internal/aof/preamble/store.go:129.46,131.3 1 0
github.com/echovault/sugardb/internal/aof/preamble/store.go:133.2,133.44 1 1
github.com/echovault/sugardb/internal/aof/preamble/store.go:133.44,135.3 1 0
github.com/echovault/sugardb/internal/aof/preamble/store.go:138.2,138.39 1 1
github.com/echovault/sugardb/internal/aof/preamble/store.go:138.39,140.3 1 0
github.com/echovault/sugardb/internal/aof/preamble/store.go:142.2,142.12 1 1
github.com/echovault/sugardb/internal/aof/preamble/store.go:145.37,146.21 1 1
github.com/echovault/sugardb/internal/aof/preamble/store.go:146.21,148.3 1 0
github.com/echovault/sugardb/internal/aof/preamble/store.go:151.2,151.47 1 1
github.com/echovault/sugardb/internal/aof/preamble/store.go:151.47,153.3 1 0
github.com/echovault/sugardb/internal/aof/preamble/store.go:155.2,156.16 2 1
github.com/echovault/sugardb/internal/aof/preamble/store.go:156.16,158.3 1 0
github.com/echovault/sugardb/internal/aof/preamble/store.go:160.2,160.17 1 1
github.com/echovault/sugardb/internal/aof/preamble/store.go:160.17,162.3 1 0
github.com/echovault/sugardb/internal/aof/preamble/store.go:164.2,165.49 2 1
github.com/echovault/sugardb/internal/aof/preamble/store.go:165.49,167.3 1 0
github.com/echovault/sugardb/internal/aof/preamble/store.go:169.2,169.83 1 1
github.com/echovault/sugardb/internal/aof/preamble/store.go:169.83,170.34 1 0
github.com/echovault/sugardb/internal/aof/preamble/store.go:170.34,172.4 1 0
github.com/echovault/sugardb/internal/aof/preamble/store.go:175.2,175.12 1 1
github.com/echovault/sugardb/internal/aof/preamble/store.go:178.35,181.21 3 1
github.com/echovault/sugardb/internal/aof/preamble/store.go:181.21,183.3 1 0
github.com/echovault/sugardb/internal/aof/preamble/store.go:184.2,184.41 1 1
github.com/echovault/sugardb/internal/aof/preamble/store.go:184.41,186.3 1 0
github.com/echovault/sugardb/internal/aof/preamble/store.go:187.2,187.12 1 1
github.com/echovault/sugardb/internal/clock/clock.go:14.23,16.43 1 1
github.com/echovault/sugardb/internal/clock/clock.go:16.43,18.3 1 1
github.com/echovault/sugardb/internal/clock/clock.go:19.2,19.20 1 0
github.com/echovault/sugardb/internal/clock/clock.go:24.34,26.2 1 0
github.com/echovault/sugardb/internal/clock/clock.go:28.58,30.2 1 0
github.com/echovault/sugardb/internal/clock/clock.go:34.34,37.2 2 1
github.com/echovault/sugardb/internal/clock/clock.go:39.58,41.2 1 0
github.com/echovault/sugardb/internal/types.go:35.43,40.29 3 0
github.com/echovault/sugardb/internal/types.go:41.11,42.12 1 0
github.com/echovault/sugardb/internal/types.go:44.11,45.34 1 0
github.com/echovault/sugardb/internal/types.go:47.22,48.12 1 0
github.com/echovault/sugardb/internal/types.go:49.14,52.24 2 0
github.com/echovault/sugardb/internal/types.go:55.16,56.23 1 0
github.com/echovault/sugardb/internal/types.go:56.23,59.4 2 0
github.com/echovault/sugardb/internal/types.go:62.31,63.53 1 0
github.com/echovault/sugardb/internal/types.go:65.10,66.117 1 0
github.com/echovault/sugardb/internal/types.go:69.2,69.18 1 0
github.com/echovault/sugardb/internal/utils.go:41.38,45.16 2 0
github.com/echovault/sugardb/internal/utils.go:45.16,47.3 1 0
github.com/echovault/sugardb/internal/utils.go:49.2,49.15 1 0
github.com/echovault/sugardb/internal/utils.go:49.15,52.3 2 0
github.com/echovault/sugardb/internal/utils.go:54.2,56.10 2 0
github.com/echovault/sugardb/internal/utils.go:59.43,63.16 3 1
github.com/echovault/sugardb/internal/utils.go:63.16,65.3 1 0
github.com/echovault/sugardb/internal/utils.go:67.2,68.42 2 1
github.com/echovault/sugardb/internal/utils.go:68.42,70.3 1 1
github.com/echovault/sugardb/internal/utils.go:72.2,72.17 1 1
github.com/echovault/sugardb/internal/utils.go:75.47,82.6 4 0
github.com/echovault/sugardb/internal/utils.go:82.6,84.43 2 0
github.com/echovault/sugardb/internal/utils.go:84.43,85.9 1 0
github.com/echovault/sugardb/internal/utils.go:87.3,87.17 1 0
github.com/echovault/sugardb/internal/utils.go:87.17,89.4 1 0
github.com/echovault/sugardb/internal/utils.go:90.3,91.21 2 0
github.com/echovault/sugardb/internal/utils.go:91.21,92.9 1 0
github.com/echovault/sugardb/internal/utils.go:94.3,94.15 1 0
github.com/echovault/sugardb/internal/utils.go:97.2,97.37 1 0
github.com/echovault/sugardb/internal/utils.go:100.120,102.20 2 0
github.com/echovault/sugardb/internal/utils.go:102.20,104.3 1 0
github.com/echovault/sugardb/internal/utils.go:105.2,105.16 1 0
github.com/echovault/sugardb/internal/utils.go:105.16,107.3 1 0
github.com/echovault/sugardb/internal/utils.go:108.2,108.24 1 0
github.com/echovault/sugardb/internal/utils.go:108.24,110.3 1 0
github.com/echovault/sugardb/internal/utils.go:111.2,111.21 1 0
github.com/echovault/sugardb/internal/utils.go:111.21,113.3 1 0
github.com/echovault/sugardb/internal/utils.go:114.2,114.16 1 0
github.com/echovault/sugardb/internal/utils.go:117.37,119.16 2 0
github.com/echovault/sugardb/internal/utils.go:119.16,121.3 1 0
github.com/echovault/sugardb/internal/utils.go:122.2,122.15 1 0
github.com/echovault/sugardb/internal/utils.go:122.15,123.37 1 0
github.com/echovault/sugardb/internal/utils.go:123.37,125.4 1 0
github.com/echovault/sugardb/internal/utils.go:128.2,130.23 2 0
github.com/echovault/sugardb/internal/utils.go:133.72,134.65 1 0
github.com/echovault/sugardb/internal/utils.go:134.65,137.3 1 0
github.com/echovault/sugardb/internal/utils.go:138.2,138.18 1 0
github.com/echovault/sugardb/internal/utils.go:138.18,141.3 1 0
github.com/echovault/sugardb/internal/utils.go:142.2,142.49 1 0
github.com/echovault/sugardb/internal/utils.go:142.49,143.52 1 0
github.com/echovault/sugardb/internal/utils.go:143.52,145.4 1 0
github.com/echovault/sugardb/internal/utils.go:147.2,147.71 1 0
github.com/echovault/sugardb/internal/utils.go:150.66,152.2 1 0
github.com/echovault/sugardb/internal/utils.go:154.24,155.11 1 0
github.com/echovault/sugardb/internal/utils.go:155.11,157.3 1 0
github.com/echovault/sugardb/internal/utils.go:158.2,158.10 1 0
github.com/echovault/sugardb/internal/utils.go:162.49,166.16 3 0
github.com/echovault/sugardb/internal/utils.go:166.16,168.3 1 0
github.com/echovault/sugardb/internal/utils.go:170.2,171.17 2 0
github.com/echovault/sugardb/internal/utils.go:172.12,173.19 1 0
github.com/echovault/sugardb/internal/utils.go:174.12,175.26 1 0
github.com/echovault/sugardb/internal/utils.go:176.12,177.33 1 0
github.com/echovault/sugardb/internal/utils.go:178.12,179.40 1 0
github.com/echovault/sugardb/internal/utils.go:180.12,181.47 1 0
github.com/echovault/sugardb/internal/utils.go:182.10,183.91 1 0
github.com/echovault/sugardb/internal/utils.go:186.2,186.30 1 0
github.com/echovault/sugardb/internal/utils.go:190.64,191.20 1 0
github.com/echovault/sugardb/internal/utils.go:191.20,193.3 1 0
github.com/echovault/sugardb/internal/utils.go:196.2,196.33 1 0
github.com/echovault/sugardb/internal/utils.go:196.33,198.3 1 0
github.com/echovault/sugardb/internal/utils.go:203.2,206.37 2 0
github.com/echovault/sugardb/internal/utils.go:210.100,211.36 1 0
github.com/echovault/sugardb/internal/utils.go:211.36,213.26 2 0
github.com/echovault/sugardb/internal/utils.go:213.26,215.35 1 0
github.com/echovault/sugardb/internal/utils.go:215.35,216.13 1 0
github.com/echovault/sugardb/internal/utils.go:219.4,219.30 1 0
github.com/echovault/sugardb/internal/utils.go:219.30,221.5 1 0
github.com/echovault/sugardb/internal/utils.go:223.3,223.36 1 0
github.com/echovault/sugardb/internal/utils.go:223.36,225.4 1 0
github.com/echovault/sugardb/internal/utils.go:227.2,227.14 1 0
github.com/echovault/sugardb/internal/utils.go:232.43,233.14 1 0
github.com/echovault/sugardb/internal/utils.go:233.14,235.3 1 0
github.com/echovault/sugardb/internal/utils.go:236.2,236.30 1 0
github.com/echovault/sugardb/internal/utils.go:236.30,238.3 1 0
github.com/echovault/sugardb/internal/utils.go:239.2,239.30 1 0
github.com/echovault/sugardb/internal/utils.go:239.30,241.3 1 0
github.com/echovault/sugardb/internal/utils.go:243.2,244.21 2 0
github.com/echovault/sugardb/internal/utils.go:244.21,246.3 1 0
github.com/echovault/sugardb/internal/utils.go:248.2,249.29 2 0
github.com/echovault/sugardb/internal/utils.go:249.29,251.13 2 0
github.com/echovault/sugardb/internal/utils.go:251.13,252.9 1 0
github.com/echovault/sugardb/internal/utils.go:256.2,256.10 1 0
github.com/echovault/sugardb/internal/utils.go:259.41,261.28 2 0
github.com/echovault/sugardb/internal/utils.go:261.28,263.3 1 0
github.com/echovault/sugardb/internal/utils.go:264.2,264.20 1 0
github.com/echovault/sugardb/internal/utils.go:267.47,270.16 3 0
github.com/echovault/sugardb/internal/utils.go:270.16,272.3 1 0
github.com/echovault/sugardb/internal/utils.go:273.2,273.24 1 0
github.com/echovault/sugardb/internal/utils.go:276.52,279.16 3 0
github.com/echovault/sugardb/internal/utils.go:279.16,281.3 1 0
github.com/echovault/sugardb/internal/utils.go:282.2,282.24 1 0
github.com/echovault/sugardb/internal/utils.go:285.50,288.16 3 0
github.com/echovault/sugardb/internal/utils.go:288.16,290.3 1 0
github.com/echovault/sugardb/internal/utils.go:291.2,291.25 1 0
github.com/echovault/sugardb/internal/utils.go:294.52,297.16 3 0
github.com/echovault/sugardb/internal/utils.go:297.16,299.3 1 0
github.com/echovault/sugardb/internal/utils.go:300.2,300.23 1 0
github.com/echovault/sugardb/internal/utils.go:303.51,306.16 3 0
github.com/echovault/sugardb/internal/utils.go:306.16,308.3 1 0
github.com/echovault/sugardb/internal/utils.go:309.2,309.22 1 0
github.com/echovault/sugardb/internal/utils.go:312.59,316.16 3 0
github.com/echovault/sugardb/internal/utils.go:316.16,318.3 1 0
github.com/echovault/sugardb/internal/utils.go:320.2,320.16 1 0
github.com/echovault/sugardb/internal/utils.go:320.16,322.3 1 0
github.com/echovault/sugardb/internal/utils.go:324.2,324.39 1 0
github.com/echovault/sugardb/internal/utils.go:324.39,326.3 1 0
github.com/echovault/sugardb/internal/utils.go:328.2,329.30 2 0
github.com/echovault/sugardb/internal/utils.go:329.30,330.17 1 0
github.com/echovault/sugardb/internal/utils.go:330.17,332.12 2 0
github.com/echovault/sugardb/internal/utils.go:334.3,334.22 1 0
github.com/echovault/sugardb/internal/utils.go:336.2,336.17 1 0
github.com/echovault/sugardb/internal/utils.go:339.67,342.16 3 0
github.com/echovault/sugardb/internal/utils.go:342.16,344.3 1 0
github.com/echovault/sugardb/internal/utils.go:345.2,345.16 1 0
github.com/echovault/sugardb/internal/utils.go:345.16,347.3 1 0
github.com/echovault/sugardb/internal/utils.go:348.2,349.31 2 0
github.com/echovault/sugardb/internal/utils.go:349.31,350.18 1 0
github.com/echovault/sugardb/internal/utils.go:350.18,352.12 2 0
github.com/echovault/sugardb/internal/utils.go:354.3,355.33 2 0
github.com/echovault/sugardb/internal/utils.go:355.33,357.4 1 0
github.com/echovault/sugardb/internal/utils.go:358.3,358.17 1 0
github.com/echovault/sugardb/internal/utils.go:360.2,360.17 1 0
github.com/echovault/sugardb/internal/utils.go:363.57,366.16 3 0
github.com/echovault/sugardb/internal/utils.go:366.16,368.3 1 0
github.com/echovault/sugardb/internal/utils.go:369.2,369.16 1 0
github.com/echovault/sugardb/internal/utils.go:369.16,371.3 1 0
github.com/echovault/sugardb/internal/utils.go:372.2,373.30 2 0
github.com/echovault/sugardb/internal/utils.go:373.30,374.17 1 0
github.com/echovault/sugardb/internal/utils.go:374.17,376.12 2 0
github.com/echovault/sugardb/internal/utils.go:378.3,378.23 1 0
github.com/echovault/sugardb/internal/utils.go:380.2,380.17 1 0
github.com/echovault/sugardb/internal/utils.go:383.58,386.16 3 0
github.com/echovault/sugardb/internal/utils.go:386.16,388.3 1 0
github.com/echovault/sugardb/internal/utils.go:389.2,389.16 1 0
github.com/echovault/sugardb/internal/utils.go:389.16,391.3 1 0
github.com/echovault/sugardb/internal/utils.go:392.2,393.30 2 0
github.com/echovault/sugardb/internal/utils.go:393.30,394.17 1 0
github.com/echovault/sugardb/internal/utils.go:394.17,396.12 2 0
github.com/echovault/sugardb/internal/utils.go:398.3,398.20 1 0
github.com/echovault/sugardb/internal/utils.go:400.2,400.17 1 0
github.com/echovault/sugardb/internal/utils.go:403.70,404.32 1 0
github.com/echovault/sugardb/internal/utils.go:404.32,405.60 1 0
github.com/echovault/sugardb/internal/utils.go:405.60,407.4 1 0
github.com/echovault/sugardb/internal/utils.go:407.6,409.4 1 0
github.com/echovault/sugardb/internal/utils.go:411.2,411.30 1 0
github.com/echovault/sugardb/internal/utils.go:411.30,412.62 1 0
github.com/echovault/sugardb/internal/utils.go:412.62,414.4 1 0
github.com/echovault/sugardb/internal/utils.go:414.6,416.4 1 0
github.com/echovault/sugardb/internal/utils.go:418.2,418.13 1 0
github.com/echovault/sugardb/internal/utils.go:421.33,423.16 2 0
github.com/echovault/sugardb/internal/utils.go:423.16,425.3 1 0
github.com/echovault/sugardb/internal/utils.go:427.2,428.16 2 0
github.com/echovault/sugardb/internal/utils.go:428.16,430.3 1 0
github.com/echovault/sugardb/internal/utils.go:431.2,431.15 1 0
github.com/echovault/sugardb/internal/utils.go:431.15,433.3 1 0
github.com/echovault/sugardb/internal/utils.go:435.2,435.42 1 0
github.com/echovault/sugardb/internal/utils.go:438.61,443.12 4 0
github.com/echovault/sugardb/internal/utils.go:443.12,444.7 1 0
github.com/echovault/sugardb/internal/utils.go:444.7,446.73 2 0
github.com/echovault/sugardb/internal/utils.go:446.73,448.13 1 0
github.com/echovault/sugardb/internal/utils.go:450.4,450.9 1 0
github.com/echovault/sugardb/internal/utils.go:452.3,452.21 1 0
github.com/echovault/sugardb/internal/utils.go:455.2,458.9 3 0
github.com/echovault/sugardb/internal/utils.go:459.18,460.47 1 0
github.com/echovault/sugardb/internal/utils.go:461.14,462.19 1 0
github.com/echovault/sugardb/internal/utils.go:466.84,471.12 4 0
github.com/echovault/sugardb/internal/utils.go:471.12,472.7 1 0
github.com/echovault/sugardb/internal/utils.go:472.7,474.73 2 0
github.com/echovault/sugardb/internal/utils.go:474.73,476.13 1 0
github.com/echovault/sugardb/internal/utils.go:478.4,478.9 1 0
github.com/echovault/sugardb/internal/utils.go:480.3,480.21 1 0
github.com/echovault/sugardb/internal/utils.go:483.2,486.9 3 0
github.com/echovault/sugardb/internal/utils.go:487.18,488.47 1 0
github.com/echovault/sugardb/internal/utils.go:489.14,490.19 1 0
github.com/echovault/sugardb/internal/aof/log/store.go:56.54,57.28 1 1
github.com/echovault/sugardb/internal/aof/log/store.go:57.28,59.3 1 1
github.com/echovault/sugardb/internal/aof/log/store.go:62.55,63.28 1 1
github.com/echovault/sugardb/internal/aof/log/store.go:63.28,65.3 1 1
github.com/echovault/sugardb/internal/aof/log/store.go:68.55,69.28 1 1
github.com/echovault/sugardb/internal/aof/log/store.go:69.28,71.3 1 1
github.com/echovault/sugardb/internal/aof/log/store.go:74.57,75.28 1 1
github.com/echovault/sugardb/internal/aof/log/store.go:75.28,77.3 1 1
github.com/echovault/sugardb/internal/aof/log/store.go:80.85,81.28 1 1
github.com/echovault/sugardb/internal/aof/log/store.go:81.28,83.3 1 1
github.com/echovault/sugardb/internal/aof/log/store.go:86.89,94.55 1 1
github.com/echovault/sugardb/internal/aof/log/store.go:94.56,94.57 0 0
github.com/echovault/sugardb/internal/aof/log/store.go:97.2,97.33 1 1
github.com/echovault/sugardb/internal/aof/log/store.go:97.33,99.3 1 1
github.com/echovault/sugardb/internal/aof/log/store.go:102.2,102.46 1 1
github.com/echovault/sugardb/internal/aof/log/store.go:102.46,105.17 2 1
github.com/echovault/sugardb/internal/aof/log/store.go:105.17,107.4 1 0
github.com/echovault/sugardb/internal/aof/log/store.go:108.3,109.17 2 1
github.com/echovault/sugardb/internal/aof/log/store.go:109.17,111.4 1 0
github.com/echovault/sugardb/internal/aof/log/store.go:112.3,112.15 1 1
github.com/echovault/sugardb/internal/aof/log/store.go:117.2,117.51 1 1
github.com/echovault/sugardb/internal/aof/log/store.go:117.51,118.13 1 1
github.com/echovault/sugardb/internal/aof/log/store.go:118.13,121.8 3 1
github.com/echovault/sugardb/internal/aof/log/store.go:121.8,122.12 1 1
github.com/echovault/sugardb/internal/aof/log/store.go:123.23,125.42 2 1
github.com/echovault/sugardb/internal/aof/log/store.go:125.42,127.7 1 0
github.com/echovault/sugardb/internal/aof/log/store.go:128.6,128.12 1 1
github.com/echovault/sugardb/internal/aof/log/store.go:129.21,131.41 2 0
github.com/echovault/sugardb/internal/aof/log/store.go:131.41,134.12 3 0
github.com/echovault/sugardb/internal/aof/log/store.go:136.6,136.24 1 0
github.com/echovault/sugardb/internal/aof/log/store.go:142.2,142.19 1 1
github.com/echovault/sugardb/internal/aof/log/store.go:145.63,147.21 1 1
github.com/echovault/sugardb/internal/aof/log/store.go:147.21,149.3 1 0
github.com/echovault/sugardb/internal/aof/log/store.go:151.2,157.39 3 1
github.com/echovault/sugardb/internal/aof/log/store.go:157.39,159.17 2 1
github.com/echovault/sugardb/internal/aof/log/store.go:159.17,161.4 1 0
github.com/echovault/sugardb/internal/aof/log/store.go:162.3,162.35 1 1
github.com/echovault/sugardb/internal/aof/log/store.go:165.2,165.51 1 1
github.com/echovault/sugardb/internal/aof/log/store.go:165.51,167.3 1 0
github.com/echovault/sugardb/internal/aof/log/store.go:169.2,169.49 1 1
github.com/echovault/sugardb/internal/aof/log/store.go:169.49,170.38 1 1
github.com/echovault/sugardb/internal/aof/log/store.go:170.38,172.4 1 0
github.com/echovault/sugardb/internal/aof/log/store.go:175.2,175.12 1 1
github.com/echovault/sugardb/internal/aof/log/store.go:178.34,179.21 1 1
github.com/echovault/sugardb/internal/aof/log/store.go:179.21,181.3 1 1
github.com/echovault/sugardb/internal/aof/log/store.go:182.2,182.12 1 0
github.com/echovault/sugardb/internal/aof/log/store.go:185.37,190.47 3 1
github.com/echovault/sugardb/internal/aof/log/store.go:190.47,192.3 1 0
github.com/echovault/sugardb/internal/aof/log/store.go:194.2,197.6 3 1
github.com/echovault/sugardb/internal/aof/log/store.go:197.6,199.34 2 1
github.com/echovault/sugardb/internal/aof/log/store.go:199.34,201.4 1 0
github.com/echovault/sugardb/internal/aof/log/store.go:202.3,202.13 1 1
github.com/echovault/sugardb/internal/aof/log/store.go:202.13,204.9 1 1
github.com/echovault/sugardb/internal/aof/log/store.go:207.3,208.17 2 1
github.com/echovault/sugardb/internal/aof/log/store.go:208.17,210.4 1 0
github.com/echovault/sugardb/internal/aof/log/store.go:213.3,214.17 2 1
github.com/echovault/sugardb/internal/aof/log/store.go:214.17,216.4 1 0
github.com/echovault/sugardb/internal/aof/log/store.go:218.3,218.42 1 1
github.com/echovault/sugardb/internal/aof/log/store.go:218.42,220.18 2 1
github.com/echovault/sugardb/internal/aof/log/store.go:220.18,222.5 1 0
github.com/echovault/sugardb/internal/aof/log/store.go:224.4,224.12 1 1
github.com/echovault/sugardb/internal/aof/log/store.go:227.3,227.41 1 1
github.com/echovault/sugardb/internal/aof/log/store.go:230.2,230.12 1 1
github.com/echovault/sugardb/internal/aof/log/store.go:233.38,237.45 3 0
github.com/echovault/sugardb/internal/aof/log/store.go:237.45,239.3 1 0
github.com/echovault/sugardb/internal/aof/log/store.go:242.2,242.47 1 0
github.com/echovault/sugardb/internal/aof/log/store.go:242.47,244.3 1 0
github.com/echovault/sugardb/internal/aof/log/store.go:247.2,249.16 2 0
github.com/echovault/sugardb/internal/aof/log/store.go:249.16,251.3 1 0
github.com/echovault/sugardb/internal/aof/log/store.go:253.2,253.39 1 0
github.com/echovault/sugardb/internal/aof/log/store.go:253.39,255.3 1 0
github.com/echovault/sugardb/internal/aof/log/store.go:257.2,257.12 1 0
github.com/echovault/sugardb/internal/aof/log/store.go:260.35,263.21 3 1
github.com/echovault/sugardb/internal/aof/log/store.go:263.21,265.3 1 0
github.com/echovault/sugardb/internal/aof/log/store.go:266.2,266.41 1 1
github.com/echovault/sugardb/internal/aof/log/store.go:266.41,268.3 1 0
github.com/echovault/sugardb/internal/aof/log/store.go:269.2,269.12 1 1
github.com/echovault/sugardb/internal/clock/clock.go:14.23,16.43 1 1
github.com/echovault/sugardb/internal/clock/clock.go:16.43,18.3 1 1
github.com/echovault/sugardb/internal/clock/clock.go:19.2,19.20 1 0
github.com/echovault/sugardb/internal/clock/clock.go:24.34,26.2 1 0
github.com/echovault/sugardb/internal/clock/clock.go:28.58,30.2 1 0
github.com/echovault/sugardb/internal/clock/clock.go:34.34,37.2 2 0
github.com/echovault/sugardb/internal/clock/clock.go:39.58,41.2 1 0
github.com/echovault/sugardb/internal/types.go:35.43,40.29 3 0
github.com/echovault/sugardb/internal/types.go:41.11,42.12 1 0
github.com/echovault/sugardb/internal/types.go:44.11,45.34 1 0
github.com/echovault/sugardb/internal/types.go:47.22,48.12 1 0
github.com/echovault/sugardb/internal/types.go:49.14,52.24 2 0
github.com/echovault/sugardb/internal/types.go:55.16,56.23 1 0
github.com/echovault/sugardb/internal/types.go:56.23,59.4 2 0
github.com/echovault/sugardb/internal/types.go:62.31,63.53 1 0
github.com/echovault/sugardb/internal/types.go:65.10,66.117 1 0
github.com/echovault/sugardb/internal/types.go:69.2,69.18 1 0
github.com/echovault/sugardb/internal/utils.go:41.38,45.16 2 0
github.com/echovault/sugardb/internal/utils.go:45.16,47.3 1 0
github.com/echovault/sugardb/internal/utils.go:49.2,49.15 1 0
github.com/echovault/sugardb/internal/utils.go:49.15,52.3 2 0
github.com/echovault/sugardb/internal/utils.go:54.2,56.10 2 0
github.com/echovault/sugardb/internal/utils.go:59.43,63.16 3 0
github.com/echovault/sugardb/internal/utils.go:63.16,65.3 1 0
github.com/echovault/sugardb/internal/utils.go:67.2,68.42 2 0
github.com/echovault/sugardb/internal/utils.go:68.42,70.3 1 0
github.com/echovault/sugardb/internal/utils.go:72.2,72.17 1 0
github.com/echovault/sugardb/internal/utils.go:75.47,82.6 4 0
github.com/echovault/sugardb/internal/utils.go:82.6,84.43 2 0
github.com/echovault/sugardb/internal/utils.go:84.43,85.9 1 0
github.com/echovault/sugardb/internal/utils.go:87.3,87.17 1 0
github.com/echovault/sugardb/internal/utils.go:87.17,89.4 1 0
github.com/echovault/sugardb/internal/utils.go:90.3,91.21 2 0
github.com/echovault/sugardb/internal/utils.go:91.21,92.9 1 0
github.com/echovault/sugardb/internal/utils.go:94.3,94.15 1 0
github.com/echovault/sugardb/internal/utils.go:97.2,97.37 1 0
github.com/echovault/sugardb/internal/utils.go:100.120,102.20 2 0
github.com/echovault/sugardb/internal/utils.go:102.20,104.3 1 0
github.com/echovault/sugardb/internal/utils.go:105.2,105.16 1 0
github.com/echovault/sugardb/internal/utils.go:105.16,107.3 1 0
github.com/echovault/sugardb/internal/utils.go:108.2,108.24 1 0
github.com/echovault/sugardb/internal/utils.go:108.24,110.3 1 0
github.com/echovault/sugardb/internal/utils.go:111.2,111.21 1 0
github.com/echovault/sugardb/internal/utils.go:111.21,113.3 1 0
github.com/echovault/sugardb/internal/utils.go:114.2,114.16 1 0
github.com/echovault/sugardb/internal/utils.go:117.37,119.16 2 0
github.com/echovault/sugardb/internal/utils.go:119.16,121.3 1 0
github.com/echovault/sugardb/internal/utils.go:122.2,122.15 1 0
github.com/echovault/sugardb/internal/utils.go:122.15,123.37 1 0
github.com/echovault/sugardb/internal/utils.go:123.37,125.4 1 0
github.com/echovault/sugardb/internal/utils.go:128.2,130.23 2 0
github.com/echovault/sugardb/internal/utils.go:133.72,134.65 1 0
github.com/echovault/sugardb/internal/utils.go:134.65,137.3 1 0
github.com/echovault/sugardb/internal/utils.go:138.2,138.18 1 0
github.com/echovault/sugardb/internal/utils.go:138.18,141.3 1 0
github.com/echovault/sugardb/internal/utils.go:142.2,142.49 1 0
github.com/echovault/sugardb/internal/utils.go:142.49,143.52 1 0
github.com/echovault/sugardb/internal/utils.go:143.52,145.4 1 0
github.com/echovault/sugardb/internal/utils.go:147.2,147.71 1 0
github.com/echovault/sugardb/internal/utils.go:150.66,152.2 1 0
github.com/echovault/sugardb/internal/utils.go:154.24,155.11 1 0
github.com/echovault/sugardb/internal/utils.go:155.11,157.3 1 0
github.com/echovault/sugardb/internal/utils.go:158.2,158.10 1 0
github.com/echovault/sugardb/internal/utils.go:162.49,166.16 3 0
github.com/echovault/sugardb/internal/utils.go:166.16,168.3 1 0
github.com/echovault/sugardb/internal/utils.go:170.2,171.17 2 0
github.com/echovault/sugardb/internal/utils.go:172.12,173.19 1 0
github.com/echovault/sugardb/internal/utils.go:174.12,175.26 1 0
github.com/echovault/sugardb/internal/utils.go:176.12,177.33 1 0
github.com/echovault/sugardb/internal/utils.go:178.12,179.40 1 0
github.com/echovault/sugardb/internal/utils.go:180.12,181.47 1 0
github.com/echovault/sugardb/internal/utils.go:182.10,183.91 1 0
github.com/echovault/sugardb/internal/utils.go:186.2,186.30 1 0
github.com/echovault/sugardb/internal/utils.go:190.64,191.20 1 0
github.com/echovault/sugardb/internal/utils.go:191.20,193.3 1 0
github.com/echovault/sugardb/internal/utils.go:196.2,196.33 1 0
github.com/echovault/sugardb/internal/utils.go:196.33,198.3 1 0
github.com/echovault/sugardb/internal/utils.go:203.2,206.37 2 0
github.com/echovault/sugardb/internal/utils.go:210.100,211.36 1 0
github.com/echovault/sugardb/internal/utils.go:211.36,213.26 2 0
github.com/echovault/sugardb/internal/utils.go:213.26,215.35 1 0
github.com/echovault/sugardb/internal/utils.go:215.35,216.13 1 0
github.com/echovault/sugardb/internal/utils.go:219.4,219.30 1 0
github.com/echovault/sugardb/internal/utils.go:219.30,221.5 1 0
github.com/echovault/sugardb/internal/utils.go:223.3,223.36 1 0
github.com/echovault/sugardb/internal/utils.go:223.36,225.4 1 0
github.com/echovault/sugardb/internal/utils.go:227.2,227.14 1 0
github.com/echovault/sugardb/internal/utils.go:232.43,233.14 1 0
github.com/echovault/sugardb/internal/utils.go:233.14,235.3 1 0
github.com/echovault/sugardb/internal/utils.go:236.2,236.30 1 0
github.com/echovault/sugardb/internal/utils.go:236.30,238.3 1 0
github.com/echovault/sugardb/internal/utils.go:239.2,239.30 1 0
github.com/echovault/sugardb/internal/utils.go:239.30,241.3 1 0
github.com/echovault/sugardb/internal/utils.go:243.2,244.21 2 0
github.com/echovault/sugardb/internal/utils.go:244.21,246.3 1 0
github.com/echovault/sugardb/internal/utils.go:248.2,249.29 2 0
github.com/echovault/sugardb/internal/utils.go:249.29,251.13 2 0
github.com/echovault/sugardb/internal/utils.go:251.13,252.9 1 0
github.com/echovault/sugardb/internal/utils.go:256.2,256.10 1 0
github.com/echovault/sugardb/internal/utils.go:259.41,261.28 2 0
github.com/echovault/sugardb/internal/utils.go:261.28,263.3 1 0
github.com/echovault/sugardb/internal/utils.go:264.2,264.20 1 0
github.com/echovault/sugardb/internal/utils.go:267.47,270.16 3 0
github.com/echovault/sugardb/internal/utils.go:270.16,272.3 1 0
github.com/echovault/sugardb/internal/utils.go:273.2,273.24 1 0
github.com/echovault/sugardb/internal/utils.go:276.52,279.16 3 0
github.com/echovault/sugardb/internal/utils.go:279.16,281.3 1 0
github.com/echovault/sugardb/internal/utils.go:282.2,282.24 1 0
github.com/echovault/sugardb/internal/utils.go:285.50,288.16 3 0
github.com/echovault/sugardb/internal/utils.go:288.16,290.3 1 0
github.com/echovault/sugardb/internal/utils.go:291.2,291.25 1 0
github.com/echovault/sugardb/internal/utils.go:294.52,297.16 3 0
github.com/echovault/sugardb/internal/utils.go:297.16,299.3 1 0
github.com/echovault/sugardb/internal/utils.go:300.2,300.23 1 0
github.com/echovault/sugardb/internal/utils.go:303.51,306.16 3 0
github.com/echovault/sugardb/internal/utils.go:306.16,308.3 1 0
github.com/echovault/sugardb/internal/utils.go:309.2,309.22 1 0
github.com/echovault/sugardb/internal/utils.go:312.59,316.16 3 0
github.com/echovault/sugardb/internal/utils.go:316.16,318.3 1 0
github.com/echovault/sugardb/internal/utils.go:320.2,320.16 1 0
github.com/echovault/sugardb/internal/utils.go:320.16,322.3 1 0
github.com/echovault/sugardb/internal/utils.go:324.2,324.39 1 0
github.com/echovault/sugardb/internal/utils.go:324.39,326.3 1 0
github.com/echovault/sugardb/internal/utils.go:328.2,329.30 2 0
github.com/echovault/sugardb/internal/utils.go:329.30,330.17 1 0
github.com/echovault/sugardb/internal/utils.go:330.17,332.12 2 0
github.com/echovault/sugardb/internal/utils.go:334.3,334.22 1 0
github.com/echovault/sugardb/internal/utils.go:336.2,336.17 1 0
github.com/echovault/sugardb/internal/utils.go:339.67,342.16 3 0
github.com/echovault/sugardb/internal/utils.go:342.16,344.3 1 0
github.com/echovault/sugardb/internal/utils.go:345.2,345.16 1 0
github.com/echovault/sugardb/internal/utils.go:345.16,347.3 1 0
github.com/echovault/sugardb/internal/utils.go:348.2,349.31 2 0
github.com/echovault/sugardb/internal/utils.go:349.31,350.18 1 0
github.com/echovault/sugardb/internal/utils.go:350.18,352.12 2 0
github.com/echovault/sugardb/internal/utils.go:354.3,355.33 2 0
github.com/echovault/sugardb/internal/utils.go:355.33,357.4 1 0
github.com/echovault/sugardb/internal/utils.go:358.3,358.17 1 0
github.com/echovault/sugardb/internal/utils.go:360.2,360.17 1 0
github.com/echovault/sugardb/internal/utils.go:363.57,366.16 3 0
github.com/echovault/sugardb/internal/utils.go:366.16,368.3 1 0
github.com/echovault/sugardb/internal/utils.go:369.2,369.16 1 0
github.com/echovault/sugardb/internal/utils.go:369.16,371.3 1 0
github.com/echovault/sugardb/internal/utils.go:372.2,373.30 2 0
github.com/echovault/sugardb/internal/utils.go:373.30,374.17 1 0
github.com/echovault/sugardb/internal/utils.go:374.17,376.12 2 0
github.com/echovault/sugardb/internal/utils.go:378.3,378.23 1 0
github.com/echovault/sugardb/internal/utils.go:380.2,380.17 1 0
github.com/echovault/sugardb/internal/utils.go:383.58,386.16 3 0
github.com/echovault/sugardb/internal/utils.go:386.16,388.3 1 0
github.com/echovault/sugardb/internal/utils.go:389.2,389.16 1 0
github.com/echovault/sugardb/internal/utils.go:389.16,391.3 1 0
github.com/echovault/sugardb/internal/utils.go:392.2,393.30 2 0
github.com/echovault/sugardb/internal/utils.go:393.30,394.17 1 0
github.com/echovault/sugardb/internal/utils.go:394.17,396.12 2 0
github.com/echovault/sugardb/internal/utils.go:398.3,398.20 1 0
github.com/echovault/sugardb/internal/utils.go:400.2,400.17 1 0
github.com/echovault/sugardb/internal/utils.go:403.70,404.32 1 0
github.com/echovault/sugardb/internal/utils.go:404.32,405.60 1 0
github.com/echovault/sugardb/internal/utils.go:405.60,407.4 1 0
github.com/echovault/sugardb/internal/utils.go:407.6,409.4 1 0
github.com/echovault/sugardb/internal/utils.go:411.2,411.30 1 0
github.com/echovault/sugardb/internal/utils.go:411.30,412.62 1 0
github.com/echovault/sugardb/internal/utils.go:412.62,414.4 1 0
github.com/echovault/sugardb/internal/utils.go:414.6,416.4 1 0
github.com/echovault/sugardb/internal/utils.go:418.2,418.13 1 0
github.com/echovault/sugardb/internal/utils.go:421.33,423.16 2 0
github.com/echovault/sugardb/internal/utils.go:423.16,425.3 1 0
github.com/echovault/sugardb/internal/utils.go:427.2,428.16 2 0
github.com/echovault/sugardb/internal/utils.go:428.16,430.3 1 0
github.com/echovault/sugardb/internal/utils.go:431.2,431.15 1 0
github.com/echovault/sugardb/internal/utils.go:431.15,433.3 1 0
github.com/echovault/sugardb/internal/utils.go:435.2,435.42 1 0
github.com/echovault/sugardb/internal/utils.go:438.61,443.12 4 0
github.com/echovault/sugardb/internal/utils.go:443.12,444.7 1 0
github.com/echovault/sugardb/internal/utils.go:444.7,446.73 2 0
github.com/echovault/sugardb/internal/utils.go:446.73,448.13 1 0
github.com/echovault/sugardb/internal/utils.go:450.4,450.9 1 0
github.com/echovault/sugardb/internal/utils.go:452.3,452.21 1 0
github.com/echovault/sugardb/internal/utils.go:455.2,458.9 3 0
github.com/echovault/sugardb/internal/utils.go:459.18,460.47 1 0
github.com/echovault/sugardb/internal/utils.go:461.14,462.19 1 0
github.com/echovault/sugardb/internal/utils.go:466.84,471.12 4 0
github.com/echovault/sugardb/internal/utils.go:471.12,472.7 1 0
github.com/echovault/sugardb/internal/utils.go:472.7,474.73 2 0
github.com/echovault/sugardb/internal/utils.go:474.73,476.13 1 0
github.com/echovault/sugardb/internal/utils.go:478.4,478.9 1 0
github.com/echovault/sugardb/internal/utils.go:480.3,480.21 1 0
github.com/echovault/sugardb/internal/utils.go:483.2,486.9 3 0
github.com/echovault/sugardb/internal/utils.go:487.18,488.47 1 0
github.com/echovault/sugardb/internal/utils.go:489.14,490.19 1 0
github.com/echovault/sugardb/internal/clock/clock.go:14.23,16.43 1 0
github.com/echovault/sugardb/internal/clock/clock.go:16.43,18.3 1 0
github.com/echovault/sugardb/internal/clock/clock.go:19.2,19.20 1 0
github.com/echovault/sugardb/internal/clock/clock.go:24.34,26.2 1 0
github.com/echovault/sugardb/internal/clock/clock.go:28.58,30.2 1 0
github.com/echovault/sugardb/internal/clock/clock.go:34.34,37.2 2 0
github.com/echovault/sugardb/internal/clock/clock.go:39.58,41.2 1 0
github.com/echovault/sugardb/internal/config/config.go:64.34,70.24 3 0
github.com/echovault/sugardb/internal/config/config.go:70.24,72.35 2 0
github.com/echovault/sugardb/internal/config/config.go:72.35,74.5 1 0
github.com/echovault/sugardb/internal/config/config.go:75.4,75.22 1 0
github.com/echovault/sugardb/internal/config/config.go:75.22,77.5 1 0
github.com/echovault/sugardb/internal/config/config.go:78.4,79.14 2 0
github.com/echovault/sugardb/internal/config/config.go:82.2,82.115 1 0
github.com/echovault/sugardb/internal/config/config.go:82.115,85.3 2 0
github.com/echovault/sugardb/internal/config/config.go:87.2,90.29 2 0
github.com/echovault/sugardb/internal/config/config.go:90.29,91.86 1 0
github.com/echovault/sugardb/internal/config/config.go:91.86,93.5 1 0
github.com/echovault/sugardb/internal/config/config.go:93.7,95.5 1 0
github.com/echovault/sugardb/internal/config/config.go:96.4,97.14 2 0
github.com/echovault/sugardb/internal/config/config.go:100.2,103.59 2 0
github.com/echovault/sugardb/internal/config/config.go:103.59,105.17 2 0
github.com/echovault/sugardb/internal/config/config.go:105.17,107.4 1 0
github.com/echovault/sugardb/internal/config/config.go:108.3,109.13 2 0
github.com/echovault/sugardb/internal/config/config.go:112.2,121.88 2 0
github.com/echovault/sugardb/internal/config/config.go:121.88,128.23 3 0
github.com/echovault/sugardb/internal/config/config.go:128.23,130.5 1 0
github.com/echovault/sugardb/internal/config/config.go:131.4,132.14 2 0
github.com/echovault/sugardb/internal/config/config.go:135.2,139.24 2 0
github.com/echovault/sugardb/internal/config/config.go:139.24,140.36 1 0
github.com/echovault/sugardb/internal/config/config.go:140.36,142.5 1 0
github.com/echovault/sugardb/internal/config/config.go:143.4,144.14 2 0
github.com/echovault/sugardb/internal/config/config.go:147.2,188.14 23 0
github.com/echovault/sugardb/internal/config/config.go:188.14,190.3 1 0
github.com/echovault/sugardb/internal/config/config.go:191.2,192.14 2 0
github.com/echovault/sugardb/internal/config/config.go:192.14,194.3 1 0
github.com/echovault/sugardb/internal/config/config.go:196.2,226.22 2 0
github.com/echovault/sugardb/internal/config/config.go:226.22,228.45 1 0
github.com/echovault/sugardb/internal/config/config.go:228.45,229.14 1 0
github.com/echovault/sugardb/internal/config/config.go:230.9,231.17 1 0
github.com/echovault/sugardb/internal/config/config.go:231.17,232.36 1 0
github.com/echovault/sugardb/internal/config/config.go:232.36,234.6 1 0
github.com/echovault/sugardb/internal/config/config.go:237.4,239.22 2 0
github.com/echovault/sugardb/internal/config/config.go:239.22,240.59 1 0
github.com/echovault/sugardb/internal/config/config.go:240.59,242.6 1 0
github.com/echovault/sugardb/internal/config/config.go:245.4,245.39 1 0
github.com/echovault/sugardb/internal/config/config.go:245.39,246.59 1 0
github.com/echovault/sugardb/internal/config/config.go:246.59,248.6 1 0
github.com/echovault/sugardb/internal/config/config.go:254.2,256.45 2 0
github.com/echovault/sugardb/internal/config/config.go:256.45,258.3 1 0
github.com/echovault/sugardb/internal/config/config.go:260.2,260.18 1 0
github.com/echovault/sugardb/internal/config/default.go:9.29,42.2 3 0
github.com/echovault/sugardb/internal/memberlist/broadcast.go:32.88,35.9 2 0
github.com/echovault/sugardb/internal/memberlist/broadcast.go:35.9,37.3 1 0
github.com/echovault/sugardb/internal/memberlist/broadcast.go:39.2,39.33 1 0
github.com/echovault/sugardb/internal/memberlist/broadcast.go:40.18,42.56 1 0
github.com/echovault/sugardb/internal/memberlist/broadcast.go:43.20,45.62 1 0
github.com/echovault/sugardb/internal/memberlist/broadcast.go:46.10,47.15 1 0
github.com/echovault/sugardb/internal/memberlist/broadcast.go:52.60,55.16 2 0
github.com/echovault/sugardb/internal/memberlist/broadcast.go:55.16,58.3 2 0
github.com/echovault/sugardb/internal/memberlist/broadcast.go:60.2,60.12 1 0
github.com/echovault/sugardb/internal/memberlist/broadcast.go:64.55,66.2 0 0
github.com/echovault/sugardb/internal/memberlist/delegate.go:42.47,46.2 1 0
github.com/echovault/sugardb/internal/memberlist/delegate.go:49.54,59.16 3 0
github.com/echovault/sugardb/internal/memberlist/delegate.go:59.16,61.3 1 0
github.com/echovault/sugardb/internal/memberlist/delegate.go:63.2,63.10 1 0
github.com/echovault/sugardb/internal/memberlist/delegate.go:67.54,69.55 2 0
github.com/echovault/sugardb/internal/memberlist/delegate.go:69.55,72.3 2 0
github.com/echovault/sugardb/internal/memberlist/delegate.go:74.2,74.20 1 0
github.com/echovault/sugardb/internal/memberlist/delegate.go:75.18,77.39 1 0
github.com/echovault/sugardb/internal/memberlist/delegate.go:77.39,80.4 2 0
github.com/echovault/sugardb/internal/memberlist/delegate.go:81.3,82.17 2 0
github.com/echovault/sugardb/internal/memberlist/delegate.go:82.17,84.4 1 0
github.com/echovault/sugardb/internal/memberlist/delegate.go:86.20,88.39 1 0
github.com/echovault/sugardb/internal/memberlist/delegate.go:88.39,91.4 2 0
github.com/echovault/sugardb/internal/memberlist/delegate.go:94.3,99.60 3 0
github.com/echovault/sugardb/internal/memberlist/delegate.go:99.60,101.4 1 0
github.com/echovault/sugardb/internal/memberlist/delegate.go:103.3,103.69 1 0
github.com/echovault/sugardb/internal/memberlist/delegate.go:103.69,105.4 1 0
github.com/echovault/sugardb/internal/memberlist/delegate.go:107.20,109.39 1 0
github.com/echovault/sugardb/internal/memberlist/delegate.go:109.39,112.4 2 0
github.com/echovault/sugardb/internal/memberlist/delegate.go:114.3,119.17 3 0
github.com/echovault/sugardb/internal/memberlist/delegate.go:119.17,122.4 2 0
github.com/echovault/sugardb/internal/memberlist/delegate.go:124.3,124.67 1 0
github.com/echovault/sugardb/internal/memberlist/delegate.go:124.67,126.4 1 0
github.com/echovault/sugardb/internal/memberlist/delegate.go:131.71,133.2 1 0
github.com/echovault/sugardb/internal/memberlist/delegate.go:136.56,139.2 1 0
github.com/echovault/sugardb/internal/memberlist/delegate.go:142.68,144.2 0 0
github.com/echovault/sugardb/internal/memberlist/event_delegate.go:33.62,37.2 1 0
github.com/echovault/sugardb/internal/memberlist/event_delegate.go:40.71,42.2 1 0
github.com/echovault/sugardb/internal/memberlist/event_delegate.go:45.72,52.16 4 0
github.com/echovault/sugardb/internal/memberlist/event_delegate.go:52.16,55.3 2 0
github.com/echovault/sugardb/internal/memberlist/event_delegate.go:57.2,59.16 2 0
github.com/echovault/sugardb/internal/memberlist/event_delegate.go:59.16,61.3 1 0
github.com/echovault/sugardb/internal/memberlist/event_delegate.go:65.74,67.2 0 0
github.com/echovault/sugardb/internal/memberlist/memberlist.go:58.43,65.2 1 0
github.com/echovault/sugardb/internal/memberlist/memberlist.go:67.58,82.26 7 0
github.com/echovault/sugardb/internal/memberlist/memberlist.go:82.26,86.4 3 0
github.com/echovault/sugardb/internal/memberlist/memberlist.go:87.26,91.4 3 0
github.com/echovault/sugardb/internal/memberlist/memberlist.go:95.2,96.41 2 0
github.com/echovault/sugardb/internal/memberlist/memberlist.go:96.41,101.3 4 0
github.com/echovault/sugardb/internal/memberlist/memberlist.go:103.2,106.16 3 0
github.com/echovault/sugardb/internal/memberlist/memberlist.go:106.16,108.3 1 0
github.com/echovault/sugardb/internal/memberlist/memberlist.go:110.2,110.37 1 0
github.com/echovault/sugardb/internal/memberlist/memberlist.go:110.37,113.70 2 0
github.com/echovault/sugardb/internal/memberlist/memberlist.go:113.70,115.18 2 0
github.com/echovault/sugardb/internal/memberlist/memberlist.go:115.18,117.5 1 0
github.com/echovault/sugardb/internal/memberlist/memberlist.go:118.4,118.14 1 0
github.com/echovault/sugardb/internal/memberlist/memberlist.go:121.3,121.17 1 0
github.com/echovault/sugardb/internal/memberlist/memberlist.go:121.17,123.4 1 0
github.com/echovault/sugardb/internal/memberlist/memberlist.go:125.3,125.27 1 0
github.com/echovault/sugardb/internal/memberlist/memberlist.go:129.45,139.2 2 0
github.com/echovault/sugardb/internal/memberlist/memberlist.go:143.76,157.2 3 0
github.com/echovault/sugardb/internal/memberlist/memberlist.go:161.75,174.2 2 0
github.com/echovault/sugardb/internal/memberlist/memberlist.go:176.43,179.16 2 0
github.com/echovault/sugardb/internal/memberlist/memberlist.go:179.16,182.3 2 0
github.com/echovault/sugardb/internal/memberlist/memberlist.go:184.2,185.16 2 0
github.com/echovault/sugardb/internal/memberlist/memberlist.go:185.16,188.3 2 0
github.com/echovault/sugardb/internal/memberlist/memberlist.go:190.2,190.49 1 0
github.com/echovault/sugardb/internal/events/event_loop.go:27.31,29.2 1 0
github.com/echovault/sugardb/internal/events/event_loop.go:32.41,34.42 1 0
github.com/echovault/sugardb/internal/events/event_loop.go:34.42,36.3 1 0
github.com/echovault/sugardb/internal/events/event_loop.go:38.2,38.44 1 0
github.com/echovault/sugardb/internal/events/event_loop.go:42.36,44.2 1 0
github.com/echovault/sugardb/internal/events/event_loop.go:47.31,52.2 4 0
github.com/echovault/sugardb/internal/events/event_loop.go:54.33,56.2 1 0
github.com/echovault/sugardb/internal/events/event_loop.go:63.43,67.2 3 0
github.com/echovault/sugardb/internal/events/event_loop.go:69.40,72.22 3 0
github.com/echovault/sugardb/internal/events/event_loop.go:72.22,74.3 1 0
github.com/echovault/sugardb/internal/events/event_loop.go:75.2,76.10 2 0
github.com/echovault/sugardb/internal/events/event_loop.go:79.36,81.2 1 0
github.com/echovault/sugardb/internal/events/event_loop.go:83.53,91.12 3 0
github.com/echovault/sugardb/internal/events/event_loop.go:91.12,92.7 1 0
github.com/echovault/sugardb/internal/events/event_loop.go:92.7,93.11 1 0
github.com/echovault/sugardb/internal/events/event_loop.go:94.22,96.11 2 0
github.com/echovault/sugardb/internal/events/event_loop.go:97.12,99.21 2 0
github.com/echovault/sugardb/internal/events/event_loop.go:99.21,100.14 1 0
github.com/echovault/sugardb/internal/events/event_loop.go:102.5,105.39 2 0
github.com/echovault/sugardb/internal/events/event_loop.go:105.39,107.6 1 0
github.com/echovault/sugardb/internal/events/event_loop.go:111.2,111.14 1 0
github.com/echovault/sugardb/internal/types.go:35.43,40.29 3 0
github.com/echovault/sugardb/internal/types.go:41.11,42.12 1 0
github.com/echovault/sugardb/internal/types.go:44.11,45.34 1 0
github.com/echovault/sugardb/internal/types.go:47.22,48.12 1 0
github.com/echovault/sugardb/internal/types.go:49.14,52.24 2 0
github.com/echovault/sugardb/internal/types.go:55.16,56.23 1 0
github.com/echovault/sugardb/internal/types.go:56.23,59.4 2 0
github.com/echovault/sugardb/internal/types.go:62.31,63.53 1 0
github.com/echovault/sugardb/internal/types.go:65.10,66.117 1 0
github.com/echovault/sugardb/internal/types.go:69.2,69.18 1 0
github.com/echovault/sugardb/internal/utils.go:41.38,45.16 2 0
github.com/echovault/sugardb/internal/utils.go:45.16,47.3 1 0
github.com/echovault/sugardb/internal/utils.go:49.2,49.15 1 0
github.com/echovault/sugardb/internal/utils.go:49.15,52.3 2 0
github.com/echovault/sugardb/internal/utils.go:54.2,56.10 2 0
github.com/echovault/sugardb/internal/utils.go:59.43,63.16 3 1
github.com/echovault/sugardb/internal/utils.go:63.16,65.3 1 0
github.com/echovault/sugardb/internal/utils.go:67.2,68.42 2 1
github.com/echovault/sugardb/internal/utils.go:68.42,70.3 1 1
github.com/echovault/sugardb/internal/utils.go:72.2,72.17 1 1
github.com/echovault/sugardb/internal/utils.go:75.47,82.6 4 0
github.com/echovault/sugardb/internal/utils.go:82.6,84.43 2 0
github.com/echovault/sugardb/internal/utils.go:84.43,85.9 1 0
github.com/echovault/sugardb/internal/utils.go:87.3,87.17 1 0
github.com/echovault/sugardb/internal/utils.go:87.17,89.4 1 0
github.com/echovault/sugardb/internal/utils.go:90.3,91.21 2 0
github.com/echovault/sugardb/internal/utils.go:91.21,92.9 1 0
github.com/echovault/sugardb/internal/utils.go:94.3,94.15 1 0
github.com/echovault/sugardb/internal/utils.go:97.2,97.37 1 0
github.com/echovault/sugardb/internal/utils.go:100.120,102.20 2 0
github.com/echovault/sugardb/internal/utils.go:102.20,104.3 1 0
github.com/echovault/sugardb/internal/utils.go:105.2,105.16 1 0
github.com/echovault/sugardb/internal/utils.go:105.16,107.3 1 0
github.com/echovault/sugardb/internal/utils.go:108.2,108.24 1 0
github.com/echovault/sugardb/internal/utils.go:108.24,110.3 1 0
github.com/echovault/sugardb/internal/utils.go:111.2,111.21 1 0
github.com/echovault/sugardb/internal/utils.go:111.21,113.3 1 0
github.com/echovault/sugardb/internal/utils.go:114.2,114.16 1 0
github.com/echovault/sugardb/internal/utils.go:117.37,119.16 2 0
github.com/echovault/sugardb/internal/utils.go:119.16,121.3 1 0
github.com/echovault/sugardb/internal/utils.go:122.2,122.15 1 0
github.com/echovault/sugardb/internal/utils.go:122.15,123.37 1 0
github.com/echovault/sugardb/internal/utils.go:123.37,125.4 1 0
github.com/echovault/sugardb/internal/utils.go:128.2,130.23 2 0
github.com/echovault/sugardb/internal/utils.go:133.72,134.65 1 0
github.com/echovault/sugardb/internal/utils.go:134.65,137.3 1 0
github.com/echovault/sugardb/internal/utils.go:138.2,138.18 1 0
github.com/echovault/sugardb/internal/utils.go:138.18,141.3 1 0
github.com/echovault/sugardb/internal/utils.go:142.2,142.49 1 0
github.com/echovault/sugardb/internal/utils.go:142.49,143.52 1 0
github.com/echovault/sugardb/internal/utils.go:143.52,145.4 1 0
github.com/echovault/sugardb/internal/utils.go:147.2,147.71 1 0
github.com/echovault/sugardb/internal/utils.go:150.66,152.2 1 0
github.com/echovault/sugardb/internal/utils.go:154.24,155.11 1 0
github.com/echovault/sugardb/internal/utils.go:155.11,157.3 1 0
github.com/echovault/sugardb/internal/utils.go:158.2,158.10 1 0
github.com/echovault/sugardb/internal/utils.go:162.49,166.16 3 0
github.com/echovault/sugardb/internal/utils.go:166.16,168.3 1 0
github.com/echovault/sugardb/internal/utils.go:170.2,171.17 2 0
github.com/echovault/sugardb/internal/utils.go:172.12,173.19 1 0
github.com/echovault/sugardb/internal/utils.go:174.12,175.26 1 0
github.com/echovault/sugardb/internal/utils.go:176.12,177.33 1 0
github.com/echovault/sugardb/internal/utils.go:178.12,179.40 1 0
github.com/echovault/sugardb/internal/utils.go:180.12,181.47 1 0
github.com/echovault/sugardb/internal/utils.go:182.10,183.91 1 0
github.com/echovault/sugardb/internal/utils.go:186.2,186.30 1 0
github.com/echovault/sugardb/internal/utils.go:190.64,191.20 1 0
github.com/echovault/sugardb/internal/utils.go:191.20,193.3 1 0
github.com/echovault/sugardb/internal/utils.go:196.2,196.33 1 0
github.com/echovault/sugardb/internal/utils.go:196.33,198.3 1 0
github.com/echovault/sugardb/internal/utils.go:203.2,206.37 2 0
github.com/echovault/sugardb/internal/utils.go:210.100,211.36 1 1
github.com/echovault/sugardb/internal/utils.go:211.36,213.26 2 1
github.com/echovault/sugardb/internal/utils.go:213.26,215.35 1 1
github.com/echovault/sugardb/internal/utils.go:215.35,216.13 1 1
github.com/echovault/sugardb/internal/utils.go:219.4,219.30 1 1
github.com/echovault/sugardb/internal/utils.go:219.30,221.5 1 1
github.com/echovault/sugardb/internal/utils.go:223.3,223.36 1 1
github.com/echovault/sugardb/internal/utils.go:223.36,225.4 1 1
github.com/echovault/sugardb/internal/utils.go:227.2,227.14 1 1
github.com/echovault/sugardb/internal/utils.go:232.43,233.14 1 0
github.com/echovault/sugardb/internal/utils.go:233.14,235.3 1 0
github.com/echovault/sugardb/internal/utils.go:236.2,236.30 1 0
github.com/echovault/sugardb/internal/utils.go:236.30,238.3 1 0
github.com/echovault/sugardb/internal/utils.go:239.2,239.30 1 0
github.com/echovault/sugardb/internal/utils.go:239.30,241.3 1 0
github.com/echovault/sugardb/internal/utils.go:243.2,244.21 2 0
github.com/echovault/sugardb/internal/utils.go:244.21,246.3 1 0
github.com/echovault/sugardb/internal/utils.go:248.2,249.29 2 0
github.com/echovault/sugardb/internal/utils.go:249.29,251.13 2 0
github.com/echovault/sugardb/internal/utils.go:251.13,252.9 1 0
github.com/echovault/sugardb/internal/utils.go:256.2,256.10 1 0
github.com/echovault/sugardb/internal/utils.go:259.41,261.28 2 0
github.com/echovault/sugardb/internal/utils.go:261.28,263.3 1 0
github.com/echovault/sugardb/internal/utils.go:264.2,264.20 1 0
github.com/echovault/sugardb/internal/utils.go:267.47,270.16 3 0
github.com/echovault/sugardb/internal/utils.go:270.16,272.3 1 0
github.com/echovault/sugardb/internal/utils.go:273.2,273.24 1 0
github.com/echovault/sugardb/internal/utils.go:276.52,279.16 3 0
github.com/echovault/sugardb/internal/utils.go:279.16,281.3 1 0
github.com/echovault/sugardb/internal/utils.go:282.2,282.24 1 0
github.com/echovault/sugardb/internal/utils.go:285.50,288.16 3 0
github.com/echovault/sugardb/internal/utils.go:288.16,290.3 1 0
github.com/echovault/sugardb/internal/utils.go:291.2,291.25 1 0
github.com/echovault/sugardb/internal/utils.go:294.52,297.16 3 0
github.com/echovault/sugardb/internal/utils.go:297.16,299.3 1 0
github.com/echovault/sugardb/internal/utils.go:300.2,300.23 1 0
github.com/echovault/sugardb/internal/utils.go:303.51,306.16 3 0
github.com/echovault/sugardb/internal/utils.go:306.16,308.3 1 0
github.com/echovault/sugardb/internal/utils.go:309.2,309.22 1 0
github.com/echovault/sugardb/internal/utils.go:312.59,316.16 3 0
github.com/echovault/sugardb/internal/utils.go:316.16,318.3 1 0
github.com/echovault/sugardb/internal/utils.go:320.2,320.16 1 0
github.com/echovault/sugardb/internal/utils.go:320.16,322.3 1 0
github.com/echovault/sugardb/internal/utils.go:324.2,324.39 1 0
github.com/echovault/sugardb/internal/utils.go:324.39,326.3 1 0
github.com/echovault/sugardb/internal/utils.go:328.2,329.30 2 0
github.com/echovault/sugardb/internal/utils.go:329.30,330.17 1 0
github.com/echovault/sugardb/internal/utils.go:330.17,332.12 2 0
github.com/echovault/sugardb/internal/utils.go:334.3,334.22 1 0
github.com/echovault/sugardb/internal/utils.go:336.2,336.17 1 0
github.com/echovault/sugardb/internal/utils.go:339.67,342.16 3 0
github.com/echovault/sugardb/internal/utils.go:342.16,344.3 1 0
github.com/echovault/sugardb/internal/utils.go:345.2,345.16 1 0
github.com/echovault/sugardb/internal/utils.go:345.16,347.3 1 0
github.com/echovault/sugardb/internal/utils.go:348.2,349.31 2 0
github.com/echovault/sugardb/internal/utils.go:349.31,350.18 1 0
github.com/echovault/sugardb/internal/utils.go:350.18,352.12 2 0
github.com/echovault/sugardb/internal/utils.go:354.3,355.33 2 0
github.com/echovault/sugardb/internal/utils.go:355.33,357.4 1 0
github.com/echovault/sugardb/internal/utils.go:358.3,358.17 1 0
github.com/echovault/sugardb/internal/utils.go:360.2,360.17 1 0
github.com/echovault/sugardb/internal/utils.go:363.57,366.16 3 0
github.com/echovault/sugardb/internal/utils.go:366.16,368.3 1 0
github.com/echovault/sugardb/internal/utils.go:369.2,369.16 1 0
github.com/echovault/sugardb/internal/utils.go:369.16,371.3 1 0
github.com/echovault/sugardb/internal/utils.go:372.2,373.30 2 0
github.com/echovault/sugardb/internal/utils.go:373.30,374.17 1 0
github.com/echovault/sugardb/internal/utils.go:374.17,376.12 2 0
github.com/echovault/sugardb/internal/utils.go:378.3,378.23 1 0
github.com/echovault/sugardb/internal/utils.go:380.2,380.17 1 0
github.com/echovault/sugardb/internal/utils.go:383.58,386.16 3 0
github.com/echovault/sugardb/internal/utils.go:386.16,388.3 1 0
github.com/echovault/sugardb/internal/utils.go:389.2,389.16 1 0
github.com/echovault/sugardb/internal/utils.go:389.16,391.3 1 0
github.com/echovault/sugardb/internal/utils.go:392.2,393.30 2 0
github.com/echovault/sugardb/internal/utils.go:393.30,394.17 1 0
github.com/echovault/sugardb/internal/utils.go:394.17,396.12 2 0
[...]
github.com/echovault/sugardb/internal/memberlist/memberlist.go:161.75,174.2 2 0
github.com/echovault/sugardb/internal/memberlist/memberlist.go:176.43,179.16 2 0
github.com/echovault/sugardb/internal/memberlist/memberlist.go:179.16,182.3 2 0
github.com/echovault/sugardb/internal/memberlist/memberlist.go:184.2,185.16 2 0
github.com/echovault/sugardb/internal/memberlist/memberlist.go:185.16,188.3 2 0
github.com/echovault/sugardb/internal/memberlist/memberlist.go:190.2,190.49 1 0
github.com/echovault/sugardb/internal/modules/pubsub/channel.go:45.51,46.32 1 1
github.com/echovault/sugardb/internal/modules/pubsub/channel.go:46.32,48.3 1 1
github.com/echovault/sugardb/internal/modules/pubsub/channel.go:52.57,53.32 1 1
github.com/echovault/sugardb/internal/modules/pubsub/channel.go:53.32,56.3 2 1
github.com/echovault/sugardb/internal/modules/pubsub/channel.go:59.82,75.33 3 1
github.com/echovault/sugardb/internal/modules/pubsub/channel.go:75.33,77.3 1 1
github.com/echovault/sugardb/internal/modules/pubsub/channel.go:79.2,79.12 1 1
github.com/echovault/sugardb/internal/modules/pubsub/channel.go:79.12,80.7 1 1
github.com/echovault/sugardb/internal/modules/pubsub/channel.go:80.7,81.11 1 1
github.com/echovault/sugardb/internal/modules/pubsub/channel.go:82.22,84.11 2 0
github.com/echovault/sugardb/internal/modules/pubsub/channel.go:85.12,87.36 2 1
github.com/echovault/sugardb/internal/modules/pubsub/channel.go:87.36,89.6 1 1
github.com/echovault/sugardb/internal/modules/pubsub/channel.go:91.5,99.15 6 1
github.com/echovault/sugardb/internal/modules/pubsub/channel.go:99.15,104.45 5 1
github.com/echovault/sugardb/internal/modules/pubsub/channel.go:104.45,106.31 2 0
github.com/echovault/sugardb/internal/modules/pubsub/channel.go:106.31,109.8 2 0
github.com/echovault/sugardb/internal/modules/pubsub/channel.go:111.6,113.15 3 1
github.com/echovault/sugardb/internal/modules/pubsub/channel.go:117.5,117.15 1 1
github.com/echovault/sugardb/internal/modules/pubsub/channel.go:117.15,120.43 3 1
github.com/echovault/sugardb/internal/modules/pubsub/channel.go:120.43,122.32 2 1
github.com/echovault/sugardb/internal/modules/pubsub/channel.go:122.32,129.8 2 1
github.com/echovault/sugardb/internal/modules/pubsub/channel.go:131.6,133.15 3 1
github.com/echovault/sugardb/internal/modules/pubsub/channel.go:136.5,136.14 1 1
github.com/echovault/sugardb/internal/modules/pubsub/channel.go:141.2,141.16 1 1
github.com/echovault/sugardb/internal/modules/pubsub/channel.go:144.34,146.2 1 0
github.com/echovault/sugardb/internal/modules/pubsub/channel.go:148.40,150.2 1 0
github.com/echovault/sugardb/internal/modules/pubsub/channel.go:152.67,153.20 1 1
github.com/echovault/sugardb/internal/modules/pubsub/channel.go:154.17,158.37 4 1
github.com/echovault/sugardb/internal/modules/pubsub/channel.go:158.37,160.4 1 1
github.com/echovault/sugardb/internal/modules/pubsub/channel.go:161.3,167.5 2 1
github.com/echovault/sugardb/internal/modules/pubsub/channel.go:169.20,173.75 4 0
github.com/echovault/sugardb/internal/modules/pubsub/channel.go:173.75,175.4 1 0
github.com/echovault/sugardb/internal/modules/pubsub/channel.go:175.6,177.4 1 0
github.com/echovault/sugardb/internal/modules/pubsub/channel.go:179.3,181.22 3 0
github.com/echovault/sugardb/internal/modules/pubsub/channel.go:185.46,186.20 1 1
github.com/echovault/sugardb/internal/modules/pubsub/channel.go:187.10,188.15 1 0
github.com/echovault/sugardb/internal/modules/pubsub/channel.go:190.17,194.37 4 1
github.com/echovault/sugardb/internal/modules/pubsub/channel.go:194.37,196.4 1 1
github.com/echovault/sugardb/internal/modules/pubsub/channel.go:197.3,198.14 2 1
github.com/echovault/sugardb/internal/modules/pubsub/channel.go:200.20,205.87 5 0
github.com/echovault/sugardb/internal/modules/pubsub/channel.go:205.87,208.4 2 0
github.com/echovault/sugardb/internal/modules/pubsub/channel.go:209.3,209.17 1 0
github.com/echovault/sugardb/internal/modules/pubsub/channel.go:213.44,218.2 4 1
github.com/echovault/sugardb/internal/modules/pubsub/channel.go:220.36,228.2 5 1
github.com/echovault/sugardb/internal/modules/pubsub/channel.go:230.34,238.2 5 1
github.com/echovault/sugardb/internal/modules/pubsub/commands.go:25.73,27.9 2 1
github.com/echovault/sugardb/internal/modules/pubsub/commands.go:27.9,29.3 1 0
github.com/echovault/sugardb/internal/modules/pubsub/commands.go:31.2,33.24 2 1
github.com/echovault/sugardb/internal/modules/pubsub/commands.go:33.24,35.3 1 0
github.com/echovault/sugardb/internal/modules/pubsub/commands.go:37.2,41.17 3 1
github.com/echovault/sugardb/internal/modules/pubsub/commands.go:44.75,46.9 2 1
github.com/echovault/sugardb/internal/modules/pubsub/commands.go:46.9,48.3 1 0
github.com/echovault/sugardb/internal/modules/pubsub/commands.go:50.2,54.74 3 1
github.com/echovault/sugardb/internal/modules/pubsub/commands.go:57.71,59.9 2 1
github.com/echovault/sugardb/internal/modules/pubsub/commands.go:59.9,61.3 1 0
github.com/echovault/sugardb/internal/modules/pubsub/commands.go:62.2,62.30 1 1
github.com/echovault/sugardb/internal/modules/pubsub/commands.go:62.30,64.3 1 0
github.com/echovault/sugardb/internal/modules/pubsub/commands.go:65.2,66.42 2 1
github.com/echovault/sugardb/internal/modules/pubsub/commands.go:69.78,70.29 1 1
github.com/echovault/sugardb/internal/modules/pubsub/commands.go:70.29,72.3 1 0
github.com/echovault/sugardb/internal/modules/pubsub/commands.go:74.2,75.9 2 1
github.com/echovault/sugardb/internal/modules/pubsub/commands.go:75.9,77.3 1 0
github.com/echovault/sugardb/internal/modules/pubsub/commands.go:79.2,80.30 2 1
github.com/echovault/sugardb/internal/modules/pubsub/commands.go:80.30,82.3 1 1
github.com/echovault/sugardb/internal/modules/pubsub/commands.go:84.2,84.38 1 1
github.com/echovault/sugardb/internal/modules/pubsub/commands.go:87.76,89.9 2 1
github.com/echovault/sugardb/internal/modules/pubsub/commands.go:89.9,91.3 1 0
github.com/echovault/sugardb/internal/modules/pubsub/commands.go:92.2,93.49 2 1
github.com/echovault/sugardb/internal/modules/pubsub/commands.go:96.77,98.9 2 1
github.com/echovault/sugardb/internal/modules/pubsub/commands.go:98.9,100.3 1 0
github.com/echovault/sugardb/internal/modules/pubsub/commands.go:101.2,101.47 1 1
github.com/echovault/sugardb/internal/modules/pubsub/commands.go:104.36,113.84 1 1
github.com/echovault/sugardb/internal/modules/pubsub/commands.go:113.84,115.21 1 1
github.com/echovault/sugardb/internal/modules/pubsub/commands.go:115.21,117.6 1 0
github.com/echovault/sugardb/internal/modules/pubsub/commands.go:118.5,122.11 1 1
github.com/echovault/sugardb/internal/modules/pubsub/commands.go:133.84,135.21 1 1
github.com/echovault/sugardb/internal/modules/pubsub/commands.go:135.21,137.6 1 0
github.com/echovault/sugardb/internal/modules/pubsub/commands.go:138.5,142.11 1 1
github.com/echovault/sugardb/internal/modules/pubsub/commands.go:153.84,155.22 1 1
github.com/echovault/sugardb/internal/modules/pubsub/commands.go:155.22,157.6 1 0
github.com/echovault/sugardb/internal/modules/pubsub/commands.go:158.5,162.11 1 1
github.com/echovault/sugardb/internal/modules/pubsub/commands.go:175.84,182.5 1 1
github.com/echovault/sugardb/internal/modules/pubsub/commands.go:194.84,200.5 1 1
github.com/echovault/sugardb/internal/modules/pubsub/commands.go:210.84,216.5 1 1
github.com/echovault/sugardb/internal/modules/pubsub/commands.go:217.68,219.5 1 0
github.com/echovault/sugardb/internal/modules/pubsub/commands.go:229.86,235.7 1 0
github.com/echovault/sugardb/internal/modules/pubsub/commands.go:244.86,250.7 1 1
github.com/echovault/sugardb/internal/modules/pubsub/commands.go:260.86,266.7 1 1
github.com/echovault/sugardb/internal/modules/pubsub/pubsub.go:33.45,39.2 1 1
github.com/echovault/sugardb/internal/modules/pubsub/pubsub.go:41.75,46.17 4 1
github.com/echovault/sugardb/internal/modules/pubsub/pubsub.go:46.17,48.3 1 1
github.com/echovault/sugardb/internal/modules/pubsub/pubsub.go:50.2,50.37 1 1
github.com/echovault/sugardb/internal/modules/pubsub/pubsub.go:50.37,54.75 1 1
github.com/echovault/sugardb/internal/modules/pubsub/pubsub.go:54.75,56.4 1 1
github.com/echovault/sugardb/internal/modules/pubsub/pubsub.go:58.3,58.23 1 1
github.com/echovault/sugardb/internal/modules/pubsub/pubsub.go:58.23,61.19 2 1
github.com/echovault/sugardb/internal/modules/pubsub/pubsub.go:61.19,63.5 1 1
github.com/echovault/sugardb/internal/modules/pubsub/pubsub.go:63.10,65.5 1 1
github.com/echovault/sugardb/internal/modules/pubsub/pubsub.go:67.4,70.22 2 1
github.com/echovault/sugardb/internal/modules/pubsub/pubsub.go:71.19,74.39 2 1
github.com/echovault/sugardb/internal/modules/pubsub/pubsub.go:76.22,79.36 2 0
github.com/echovault/sugardb/internal/modules/pubsub/pubsub.go:81.9,83.22 1 1
github.com/echovault/sugardb/internal/modules/pubsub/pubsub.go:84.19,87.55 2 1
github.com/echovault/sugardb/internal/modules/pubsub/pubsub.go:89.22,92.52 2 0
github.com/echovault/sugardb/internal/modules/pubsub/pubsub.go:98.84,103.17 4 1
github.com/echovault/sugardb/internal/modules/pubsub/pubsub.go:103.17,105.3 1 1
github.com/echovault/sugardb/internal/modules/pubsub/pubsub.go:107.2,110.24 3 1
github.com/echovault/sugardb/internal/modules/pubsub/pubsub.go:110.24,111.19 1 1
github.com/echovault/sugardb/internal/modules/pubsub/pubsub.go:111.19,114.40 1 1
github.com/echovault/sugardb/internal/modules/pubsub/pubsub.go:114.40,115.31 1 1
github.com/echovault/sugardb/internal/modules/pubsub/pubsub.go:115.31,116.14 1 1
github.com/echovault/sugardb/internal/modules/pubsub/pubsub.go:118.5,118.33 1 1
github.com/echovault/sugardb/internal/modules/pubsub/pubsub.go:118.33,121.6 2 1
github.com/echovault/sugardb/internal/modules/pubsub/pubsub.go:123.9,126.40 1 1
github.com/echovault/sugardb/internal/modules/pubsub/pubsub.go:126.40,127.31 1 1
github.com/echovault/sugardb/internal/modules/pubsub/pubsub.go:127.31,128.14 1 1
github.com/echovault/sugardb/internal/modules/pubsub/pubsub.go:130.5,130.33 1 1
github.com/echovault/sugardb/internal/modules/pubsub/pubsub.go:130.33,133.6 2 1
github.com/echovault/sugardb/internal/modules/pubsub/pubsub.go:141.2,141.38 1 1
github.com/echovault/sugardb/internal/modules/pubsub/pubsub.go:141.38,142.30 1 1
github.com/echovault/sugardb/internal/modules/pubsub/pubsub.go:142.30,143.53 1 1
github.com/echovault/sugardb/internal/modules/pubsub/pubsub.go:143.53,146.5 2 1
github.com/echovault/sugardb/internal/modules/pubsub/pubsub.go:152.2,152.17 1 1
github.com/echovault/sugardb/internal/modules/pubsub/pubsub.go:152.17,153.36 1 1
github.com/echovault/sugardb/internal/modules/pubsub/pubsub.go:153.36,155.40 2 1
github.com/echovault/sugardb/internal/modules/pubsub/pubsub.go:155.40,157.58 1 1
github.com/echovault/sugardb/internal/modules/pubsub/pubsub.go:157.58,158.34 1 1
github.com/echovault/sugardb/internal/modules/pubsub/pubsub.go:158.34,161.7 2 0
github.com/echovault/sugardb/internal/modules/pubsub/pubsub.go:162.6,162.14 1 1
github.com/echovault/sugardb/internal/modules/pubsub/pubsub.go:165.5,165.30 1 1
github.com/echovault/sugardb/internal/modules/pubsub/pubsub.go:165.30,166.34 1 0
github.com/echovault/sugardb/internal/modules/pubsub/pubsub.go:166.34,169.7 2 0
github.com/echovault/sugardb/internal/modules/pubsub/pubsub.go:175.2,176.39 2 1
github.com/echovault/sugardb/internal/modules/pubsub/pubsub.go:176.39,178.3 1 1
github.com/echovault/sugardb/internal/modules/pubsub/pubsub.go:180.2,180.20 1 1
github.com/echovault/sugardb/internal/modules/pubsub/pubsub.go:183.63,187.38 3 1
github.com/echovault/sugardb/internal/modules/pubsub/pubsub.go:187.38,189.29 1 1
github.com/echovault/sugardb/internal/modules/pubsub/pubsub.go:189.29,190.35 1 1
github.com/echovault/sugardb/internal/modules/pubsub/pubsub.go:190.35,192.5 1 1
github.com/echovault/sugardb/internal/modules/pubsub/pubsub.go:193.4,193.12 1 1
github.com/echovault/sugardb/internal/modules/pubsub/pubsub.go:196.3,196.41 1 1
github.com/echovault/sugardb/internal/modules/pubsub/pubsub.go:196.41,198.4 1 1
github.com/echovault/sugardb/internal/modules/pubsub/pubsub.go:202.51,209.19 5 1
github.com/echovault/sugardb/internal/modules/pubsub/pubsub.go:209.19,210.39 1 0
github.com/echovault/sugardb/internal/modules/pubsub/pubsub.go:210.39,211.26 1 0
github.com/echovault/sugardb/internal/modules/pubsub/pubsub.go:211.26,214.5 2 0
github.com/echovault/sugardb/internal/modules/pubsub/pubsub.go:216.3,217.21 2 0
github.com/echovault/sugardb/internal/modules/pubsub/pubsub.go:220.2,222.38 2 1
github.com/echovault/sugardb/internal/modules/pubsub/pubsub.go:222.38,224.78 1 1
github.com/echovault/sugardb/internal/modules/pubsub/pubsub.go:224.78,227.12 3 1
github.com/echovault/sugardb/internal/modules/pubsub/pubsub.go:230.3,230.50 1 1
github.com/echovault/sugardb/internal/modules/pubsub/pubsub.go:230.50,233.4 2 1
github.com/echovault/sugardb/internal/modules/pubsub/pubsub.go:236.2,236.53 1 1
github.com/echovault/sugardb/internal/modules/pubsub/pubsub.go:239.32,244.38 4 1
github.com/echovault/sugardb/internal/modules/pubsub/pubsub.go:244.38,245.51 1 1
github.com/echovault/sugardb/internal/modules/pubsub/pubsub.go:245.51,247.4 1 1
github.com/echovault/sugardb/internal/modules/pubsub/pubsub.go:249.2,249.14 1 1
github.com/echovault/sugardb/internal/modules/pubsub/pubsub.go:252.52,257.35 4 1
github.com/echovault/sugardb/internal/modules/pubsub/pubsub.go:257.35,259.66 1 1
github.com/echovault/sugardb/internal/modules/pubsub/pubsub.go:259.66,261.4 1 1
github.com/echovault/sugardb/internal/modules/pubsub/pubsub.go:262.3,262.20 1 1
github.com/echovault/sugardb/internal/modules/pubsub/pubsub.go:262.20,264.12 2 1
github.com/echovault/sugardb/internal/modules/pubsub/pubsub.go:266.3,266.106 1 1
github.com/echovault/sugardb/internal/modules/pubsub/pubsub.go:268.2,268.20 1 1
github.com/echovault/sugardb/internal/modules/pubsub/pubsub.go:271.47,276.38 4 0
github.com/echovault/sugardb/internal/modules/pubsub/pubsub.go:276.38,278.3 1 0
github.com/echovault/sugardb/internal/modules/pubsub/pubsub.go:280.2,280.17 1 0
github.com/echovault/sugardb/internal/modules/pubsub/sub.go:30.36,38.2 4 0
github.com/echovault/sugardb/internal/modules/pubsub/sub.go:40.54,44.16 4 0
github.com/echovault/sugardb/internal/modules/pubsub/sub.go:44.16,46.3 1 0
github.com/echovault/sugardb/internal/modules/pubsub/sub.go:47.2,48.15 2 0
github.com/echovault/sugardb/internal/modules/pubsub/sub.go:51.53,59.2 5 0
github.com/echovault/sugardb/internal/raft/fsm.go:49.36,53.2 1 0
github.com/echovault/sugardb/internal/raft/fsm.go:56.50,57.18 1 0
github.com/echovault/sugardb/internal/raft/fsm.go:58.10,58.10 0 0
github.com/echovault/sugardb/internal/raft/fsm.go:60.23,63.34 1 0
github.com/echovault/sugardb/internal/raft/fsm.go:63.34,66.4 2 0
github.com/echovault/sugardb/internal/raft/fsm.go:68.3,70.60 2 0
github.com/echovault/sugardb/internal/raft/fsm.go:70.60,75.4 1 0
github.com/echovault/sugardb/internal/raft/fsm.go:77.3,82.40 5 0
github.com/echovault/sugardb/internal/raft/fsm.go:83.11,87.5 1 0
github.com/echovault/sugardb/internal/raft/fsm.go:89.21,90.68 1 0
github.com/echovault/sugardb/internal/raft/fsm.go:90.68,95.5 1 0
github.com/echovault/sugardb/internal/raft/fsm.go:96.4,99.5 1 0
github.com/echovault/sugardb/internal/raft/fsm.go:101.18,104.18 2 0
github.com/echovault/sugardb/internal/raft/fsm.go:104.18,109.5 1 0
github.com/echovault/sugardb/internal/raft/fsm.go:111.4,114.18 3 0
github.com/echovault/sugardb/internal/raft/fsm.go:114.18,119.5 1 0
github.com/echovault/sugardb/internal/raft/fsm.go:120.4,121.10 2 0
github.com/echovault/sugardb/internal/raft/fsm.go:121.10,123.5 1 0
github.com/echovault/sugardb/internal/raft/fsm.go:125.4,125.96 1 0
github.com/echovault/sugardb/internal/raft/fsm.go:125.96,130.5 1 0
github.com/echovault/sugardb/internal/raft/fsm.go:130.10,135.5 1 0
github.com/echovault/sugardb/internal/raft/fsm.go:139.2,139.12 1 0
github.com/echovault/sugardb/internal/raft/fsm.go:143.54,150.2 1 0
github.com/echovault/sugardb/internal/raft/fsm.go:153.55,156.16 2 0
github.com/echovault/sugardb/internal/raft/fsm.go:156.16,159.3 2 0
github.com/echovault/sugardb/internal/raft/fsm.go:161.2,166.48 2 0
github.com/echovault/sugardb/internal/raft/fsm.go:166.48,169.3 2 0
github.com/echovault/sugardb/internal/raft/fsm.go:172.2,174.81 3 0
github.com/echovault/sugardb/internal/raft/fsm.go:174.81,176.34 2 0
github.com/echovault/sugardb/internal/raft/fsm.go:176.34,177.96 1 0
github.com/echovault/sugardb/internal/raft/fsm.go:177.96,179.5 1 0
github.com/echovault/sugardb/internal/raft/fsm.go:180.4,180.60 1 0
github.com/echovault/sugardb/internal/raft/fsm.go:185.2,187.12 2 0
github.com/echovault/sugardb/internal/raft/fsm_snapshot.go:39.50,43.2 1 0
github.com/echovault/sugardb/internal/raft/fsm_snapshot.go:46.58,48.16 2 0
github.com/echovault/sugardb/internal/raft/fsm_snapshot.go:48.16,51.3 2 0
github.com/echovault/sugardb/internal/raft/fsm_snapshot.go:53.2,61.16 4 0
github.com/echovault/sugardb/internal/raft/fsm_snapshot.go:61.16,64.3 2 0
github.com/echovault/sugardb/internal/raft/fsm_snapshot.go:66.2,66.40 1 0
github.com/echovault/sugardb/internal/raft/fsm_snapshot.go:66.40,69.3 2 0
github.com/echovault/sugardb/internal/raft/fsm_snapshot.go:71.2,73.12 2 0
github.com/echovault/sugardb/internal/raft/fsm_snapshot.go:77.30,79.2 1 0
github.com/echovault/sugardb/internal/raft/raft.go:52.52,57.2 2 0
github.com/echovault/sugardb/internal/raft/raft.go:59.27,71.24 9 0
github.com/echovault/sugardb/internal/raft/raft.go:71.24,76.3 3 0
github.com/echovault/sugardb/internal/raft/raft.go:76.8,78.17 2 0
github.com/echovault/sugardb/internal/raft/raft.go:78.17,80.4 1 0
github.com/echovault/sugardb/internal/raft/raft.go:82.3,83.17 2 0
github.com/echovault/sugardb/internal/raft/raft.go:83.17,85.4 1 0
github.com/echovault/sugardb/internal/raft/raft.go:87.3,90.17 3 0
github.com/echovault/sugardb/internal/raft/raft.go:90.17,92.4 1 0
github.com/echovault/sugardb/internal/raft/raft.go:95.2,97.16 3 0
github.com/echovault/sugardb/internal/raft/raft.go:97.16,99.3 1 0
github.com/echovault/sugardb/internal/raft/raft.go:101.2,109.16 2 0
github.com/echovault/sugardb/internal/raft/raft.go:109.16,111.3 1 0
github.com/echovault/sugardb/internal/raft/raft.go:114.2,134.16 2 0
github.com/echovault/sugardb/internal/raft/raft.go:134.16,136.3 1 0
github.com/echovault/sugardb/internal/raft/raft.go:138.2,138.27 1 0
github.com/echovault/sugardb/internal/raft/raft.go:138.27,149.3 1 0
github.com/echovault/sugardb/internal/raft/raft.go:151.2,151.21 1 0
github.com/echovault/sugardb/internal/raft/raft.go:154.74,156.2 1 0
github.com/echovault/sugardb/internal/raft/raft.go:158.36,160.2 1 0
github.com/echovault/sugardb/internal/raft/raft.go:162.38,164.2 1 0
github.com/echovault/sugardb/internal/raft/raft.go:166.40,173.2 4 0
github.com/echovault/sugardb/internal/raft/raft.go:180.9,181.22 1 0
github.com/echovault/sugardb/internal/raft/raft.go:181.22,183.44 2 0
github.com/echovault/sugardb/internal/raft/raft.go:183.44,185.4 1 0
github.com/echovault/sugardb/internal/raft/raft.go:187.3,187.56 1 0
github.com/echovault/sugardb/internal/raft/raft.go:187.56,189.42 1 0
github.com/echovault/sugardb/internal/raft/raft.go:189.42,191.5 1 0
github.com/echovault/sugardb/internal/raft/raft.go:194.3,195.17 2 0
github.com/echovault/sugardb/internal/raft/raft.go:195.17,197.4 1 0
github.com/echovault/sugardb/internal/raft/raft.go:200.2,200.12 1 0
github.com/echovault/sugardb/internal/raft/raft.go:203.61,204.23 1 0
github.com/echovault/sugardb/internal/raft/raft.go:204.23,206.3 1 0
github.com/echovault/sugardb/internal/raft/raft.go:208.2,208.73 1 0
github.com/echovault/sugardb/internal/raft/raft.go:208.73,210.3 1 0
github.com/echovault/sugardb/internal/raft/raft.go:212.2,212.12 1 0
github.com/echovault/sugardb/internal/raft/raft.go:215.37,217.2 1 0
github.com/echovault/sugardb/internal/raft/raft.go:219.31,221.22 1 0
github.com/echovault/sugardb/internal/raft/raft.go:221.22,223.17 2 0
github.com/echovault/sugardb/internal/raft/raft.go:223.17,226.4 2 0
github.com/echovault/sugardb/internal/raft/raft.go:227.3,227.49 1 0
